\BOOKMARK [0][-]{chapter.1}{\376\377\0001\000\040\000H\000i\000e\000r\000a\000r\000c\000h\000i\000c\000a\000l\000\040\000I\000n\000d\000e\000x}{}% 1
\BOOKMARK [1][-]{section.1.1}{\376\377\0001\000.\0001\000\040\000C\000l\000a\000s\000s\000\040\000H\000i\000e\000r\000a\000r\000c\000h\000y}{chapter.1}% 2
\BOOKMARK [0][-]{chapter.2}{\376\377\0002\000\040\000C\000l\000a\000s\000s\000\040\000I\000n\000d\000e\000x}{}% 3
\BOOKMARK [1][-]{section.2.1}{\376\377\0002\000.\0001\000\040\000C\000l\000a\000s\000s\000\040\000L\000i\000s\000t}{chapter.2}% 4
\BOOKMARK [0][-]{chapter.3}{\376\377\0003\000\040\000F\000i\000l\000e\000\040\000I\000n\000d\000e\000x}{}% 5
\BOOKMARK [1][-]{section.3.1}{\376\377\0003\000.\0001\000\040\000F\000i\000l\000e\000\040\000L\000i\000s\000t}{chapter.3}% 6
\BOOKMARK [0][-]{chapter.4}{\376\377\0004\000\040\000C\000l\000a\000s\000s\000\040\000D\000o\000c\000u\000m\000e\000n\000t\000a\000t\000i\000o\000n}{}% 7
\BOOKMARK [1][-]{section.4.1}{\376\377\0004\000.\0001\000\040\000A\000B\000E\000v\000e\000n\000t\000Q\000u\000e\000u\000e\000\040\000C\000l\000a\000s\000s\000\040\000R\000e\000f\000e\000r\000e\000n\000c\000e}{chapter.4}% 8
\BOOKMARK [2][-]{subsection.4.1.1}{\376\377\0004\000.\0001\000.\0001\000\040\000D\000e\000t\000a\000i\000l\000e\000d\000\040\000D\000e\000s\000c\000r\000i\000p\000t\000i\000o\000n}{section.4.1}% 9
\BOOKMARK [2][-]{subsection.4.1.2}{\376\377\0004\000.\0001\000.\0002\000\040\000C\000o\000n\000s\000t\000r\000u\000c\000t\000o\000r\000\040\000\046\000\040\000D\000e\000s\000t\000r\000u\000c\000t\000o\000r\000\040\000D\000o\000c\000u\000m\000e\000n\000t\000a\000t\000i\000o\000n}{section.4.1}% 10
\BOOKMARK [3][-]{subsubsection.4.1.2.1}{\376\377\0004\000.\0001\000.\0002\000.\0001\000\040\000A\000B\000E\000v\000e\000n\000t\000Q\000u\000e\000u\000e\000\050\000i\000n\000t\000\040\000c\000a\000p\000a\000c\000i\000t\000y\000\051}{subsection.4.1.2}% 11
\BOOKMARK [3][-]{subsubsection.4.1.2.2}{\376\377\0004\000.\0001\000.\0002\000.\0002\000\040\000A\000B\000E\000v\000e\000n\000t\000Q\000u\000e\000u\000e\000\050\000i\000n\000t\000\040\000c\000a\000p\000a\000c\000i\000t\000y\000,\000\040\000i\000n\000t\000\040\000l\000o\000b\000A\000r\000r\000i\000v\000a\000l\000,\000\040\000i\000n\000t\000\040\000h\000i\000b\000A\000r\000r\000i\000v\000a\000l\000,\000\040\000i\000n\000t\000\040\000l\000o\000b\000D\000u\000r\000a\000t\000i\000o\000n\000,\000\040\000i\000n\000t\000\040\000h\000i\000b\000D\000u\000r\000a\000t\000i\000o\000n\000\051}{subsection.4.1.2}% 12
\BOOKMARK [3][-]{subsubsection.4.1.2.3}{\376\377\0004\000.\0001\000.\0002\000.\0003\000\040\000\040\000A\000B\000E\000v\000e\000n\000t\000Q\000u\000e\000u\000e\000\050\000\051}{subsection.4.1.2}% 13
\BOOKMARK [2][-]{subsection.4.1.3}{\376\377\0004\000.\0001\000.\0003\000\040\000M\000e\000m\000b\000e\000r\000\040\000F\000u\000n\000c\000t\000i\000o\000n\000\040\000D\000o\000c\000u\000m\000e\000n\000t\000a\000t\000i\000o\000n}{section.4.1}% 14
\BOOKMARK [3][-]{subsubsection.4.1.3.1}{\376\377\0004\000.\0001\000.\0003\000.\0001\000\040\000a\000d\000d\000B\000a\000c\000k\000\050\000E\000v\000e\000n\000t\000\040\000n\000e\000w\000E\000v\000\051}{subsection.4.1.3}% 15
\BOOKMARK [3][-]{subsubsection.4.1.3.2}{\376\377\0004\000.\0001\000.\0003\000.\0002\000\040\000l\000e\000n\000g\000t\000h\000\050\000\051}{subsection.4.1.3}% 16
\BOOKMARK [3][-]{subsubsection.4.1.3.3}{\376\377\0004\000.\0001\000.\0003\000.\0003\000\040\000p\000e\000e\000k\000F\000r\000o\000n\000t\000\050\000\051}{subsection.4.1.3}% 17
\BOOKMARK [3][-]{subsubsection.4.1.3.4}{\376\377\0004\000.\0001\000.\0003\000.\0004\000\040\000p\000o\000p\000F\000r\000o\000n\000t\000\050\000\051}{subsection.4.1.3}% 18
\BOOKMARK [2][-]{subsection.4.1.4}{\376\377\0004\000.\0001\000.\0004\000\040\000M\000e\000m\000b\000e\000r\000\040\000D\000a\000t\000a\000\040\000D\000o\000c\000u\000m\000e\000n\000t\000a\000t\000i\000o\000n}{section.4.1}% 19
\BOOKMARK [3][-]{subsubsection.4.1.4.1}{\376\377\0004\000.\0001\000.\0004\000.\0001\000\040\000c\000a\000p}{subsection.4.1.4}% 20
\BOOKMARK [3][-]{subsubsection.4.1.4.2}{\376\377\0004\000.\0001\000.\0004\000.\0002\000\040\000e\000v\000e\000n\000t\000A\000r\000r\000a\000y}{subsection.4.1.4}% 21
\BOOKMARK [3][-]{subsubsection.4.1.4.3}{\376\377\0004\000.\0001\000.\0004\000.\0003\000\040\000l\000e\000n}{subsection.4.1.4}% 22
\BOOKMARK [1][-]{section.4.2}{\376\377\0004\000.\0002\000\040\000E\000v\000e\000n\000t\000\040\000S\000t\000r\000u\000c\000t\000\040\000R\000e\000f\000e\000r\000e\000n\000c\000e}{chapter.4}% 23
\BOOKMARK [2][-]{subsection.4.2.1}{\376\377\0004\000.\0002\000.\0001\000\040\000M\000e\000m\000b\000e\000r\000\040\000D\000a\000t\000a\000\040\000D\000o\000c\000u\000m\000e\000n\000t\000a\000t\000i\000o\000n}{section.4.2}% 24
\BOOKMARK [3][-]{subsubsection.4.2.1.1}{\376\377\0004\000.\0002\000.\0001\000.\0001\000\040\000a\000r\000r\000i\000v\000a\000l}{subsection.4.2.1}% 25
\BOOKMARK [3][-]{subsubsection.4.2.1.2}{\376\377\0004\000.\0002\000.\0001\000.\0002\000\040\000d\000u\000r\000a\000t\000i\000o\000n}{subsection.4.2.1}% 26
\BOOKMARK [1][-]{section.4.3}{\376\377\0004\000.\0003\000\040\000E\000v\000e\000n\000t\000Q\000u\000e\000u\000e\000\040\000C\000l\000a\000s\000s\000\040\000R\000e\000f\000e\000r\000e\000n\000c\000e}{chapter.4}% 27
\BOOKMARK [2][-]{subsection.4.3.1}{\376\377\0004\000.\0003\000.\0001\000\040\000C\000o\000n\000s\000t\000r\000u\000c\000t\000o\000r\000\040\000\046\000\040\000D\000e\000s\000t\000r\000u\000c\000t\000o\000r\000\040\000D\000o\000c\000u\000m\000e\000n\000t\000a\000t\000i\000o\000n}{section.4.3}% 28
\BOOKMARK [3][-]{subsubsection.4.3.1.1}{\376\377\0004\000.\0003\000.\0001\000.\0001\000\040\000\040\000E\000v\000e\000n\000t\000Q\000u\000e\000u\000e\000\050\000\051}{subsection.4.3.1}% 29
\BOOKMARK [2][-]{subsection.4.3.2}{\376\377\0004\000.\0003\000.\0002\000\040\000M\000e\000m\000b\000e\000r\000\040\000F\000u\000n\000c\000t\000i\000o\000n\000\040\000D\000o\000c\000u\000m\000e\000n\000t\000a\000t\000i\000o\000n}{section.4.3}% 30
\BOOKMARK [3][-]{subsubsection.4.3.2.1}{\376\377\0004\000.\0003\000.\0002\000.\0001\000\040\000a\000d\000d\000B\000a\000c\000k\000\050\000E\000v\000e\000n\000t\000\040\000n\000e\000w\000E\000v\000\051\000=\0000}{subsection.4.3.2}% 31
\BOOKMARK [3][-]{subsubsection.4.3.2.2}{\376\377\0004\000.\0003\000.\0002\000.\0002\000\040\000f\000i\000l\000l\000R\000a\000n\000d\000o\000m\000l\000y\000\050\000i\000n\000t\000\040\000n\000u\000m\000,\000\040\000i\000n\000t\000\040\000l\000o\000b\000A\000r\000r\000i\000v\000a\000l\000,\000\040\000i\000n\000t\000\040\000h\000i\000b\000A\000r\000r\000i\000v\000a\000l\000,\000\040\000i\000n\000t\000\040\000l\000o\000b\000D\000u\000r\000a\000t\000i\000o\000n\000,\000\040\000i\000n\000t\000\040\000h\000i\000b\000D\000u\000r\000a\000t\000i\000o\000n\000\051}{subsection.4.3.2}% 32
\BOOKMARK [3][-]{subsubsection.4.3.2.3}{\376\377\0004\000.\0003\000.\0002\000.\0003\000\040\000i\000s\000E\000m\000p\000t\000y\000\050\000\051}{subsection.4.3.2}% 33
\BOOKMARK [3][-]{subsubsection.4.3.2.4}{\376\377\0004\000.\0003\000.\0002\000.\0004\000\040\000l\000e\000n\000g\000t\000h\000\050\000\051\000=\0000}{subsection.4.3.2}% 34
\BOOKMARK [3][-]{subsubsection.4.3.2.5}{\376\377\0004\000.\0003\000.\0002\000.\0005\000\040\000p\000e\000e\000k\000F\000r\000o\000n\000t\000\050\000\051\000=\0000}{subsection.4.3.2}% 35
\BOOKMARK [3][-]{subsubsection.4.3.2.6}{\376\377\0004\000.\0003\000.\0002\000.\0006\000\040\000p\000o\000p\000F\000r\000o\000n\000t\000\050\000\051\000=\0000}{subsection.4.3.2}% 36
\BOOKMARK [1][-]{section.4.4}{\376\377\0004\000.\0004\000\040\000L\000L\000E\000Q\000N\000o\000d\000e\000\040\000S\000t\000r\000u\000c\000t\000\040\000R\000e\000f\000e\000r\000e\000n\000c\000e}{chapter.4}% 37
\BOOKMARK [2][-]{subsection.4.4.1}{\376\377\0004\000.\0004\000.\0001\000\040\000D\000e\000t\000a\000i\000l\000e\000d\000\040\000D\000e\000s\000c\000r\000i\000p\000t\000i\000o\000n}{section.4.4}% 38
\BOOKMARK [2][-]{subsection.4.4.2}{\376\377\0004\000.\0004\000.\0002\000\040\000M\000e\000m\000b\000e\000r\000\040\000D\000a\000t\000a\000\040\000D\000o\000c\000u\000m\000e\000n\000t\000a\000t\000i\000o\000n}{section.4.4}% 39
\BOOKMARK [3][-]{subsubsection.4.4.2.1}{\376\377\0004\000.\0004\000.\0002\000.\0001\000\040\000e\000v}{subsection.4.4.2}% 40
\BOOKMARK [3][-]{subsubsection.4.4.2.2}{\376\377\0004\000.\0004\000.\0002\000.\0002\000\040\000n\000e\000x\000t}{subsection.4.4.2}% 41
\BOOKMARK [1][-]{section.4.5}{\376\377\0004\000.\0005\000\040\000L\000L\000E\000v\000e\000n\000t\000Q\000u\000e\000u\000e\000\040\000C\000l\000a\000s\000s\000\040\000R\000e\000f\000e\000r\000e\000n\000c\000e}{chapter.4}% 42
\BOOKMARK [2][-]{subsection.4.5.1}{\376\377\0004\000.\0005\000.\0001\000\040\000D\000e\000t\000a\000i\000l\000e\000d\000\040\000D\000e\000s\000c\000r\000i\000p\000t\000i\000o\000n}{section.4.5}% 43
\BOOKMARK [2][-]{subsection.4.5.2}{\376\377\0004\000.\0005\000.\0002\000\040\000C\000o\000n\000s\000t\000r\000u\000c\000t\000o\000r\000\040\000\046\000\040\000D\000e\000s\000t\000r\000u\000c\000t\000o\000r\000\040\000D\000o\000c\000u\000m\000e\000n\000t\000a\000t\000i\000o\000n}{section.4.5}% 44
\BOOKMARK [3][-]{subsubsection.4.5.2.1}{\376\377\0004\000.\0005\000.\0002\000.\0001\000\040\000L\000L\000E\000v\000e\000n\000t\000Q\000u\000e\000u\000e\000\050\000\051}{subsection.4.5.2}% 45
\BOOKMARK [3][-]{subsubsection.4.5.2.2}{\376\377\0004\000.\0005\000.\0002\000.\0002\000\040\000L\000L\000E\000v\000e\000n\000t\000Q\000u\000e\000u\000e\000\050\000i\000n\000t\000\040\000n\000u\000m\000,\000\040\000i\000n\000t\000\040\000l\000o\000b\000A\000r\000r\000i\000v\000a\000l\000,\000\040\000i\000n\000t\000\040\000h\000i\000b\000A\000r\000r\000i\000v\000a\000l\000,\000\040\000i\000n\000t\000\040\000l\000o\000b\000D\000u\000r\000a\000t\000i\000o\000n\000,\000\040\000i\000n\000t\000\040\000h\000i\000b\000D\000u\000r\000a\000t\000i\000o\000n\000\051}{subsection.4.5.2}% 46
\BOOKMARK [3][-]{subsubsection.4.5.2.3}{\376\377\0004\000.\0005\000.\0002\000.\0003\000\040\000\040\000L\000L\000E\000v\000e\000n\000t\000Q\000u\000e\000u\000e\000\050\000\051}{subsection.4.5.2}% 47
\BOOKMARK [2][-]{subsection.4.5.3}{\376\377\0004\000.\0005\000.\0003\000\040\000M\000e\000m\000b\000e\000r\000\040\000F\000u\000n\000c\000t\000i\000o\000n\000\040\000D\000o\000c\000u\000m\000e\000n\000t\000a\000t\000i\000o\000n}{section.4.5}% 48
\BOOKMARK [3][-]{subsubsection.4.5.3.1}{\376\377\0004\000.\0005\000.\0003\000.\0001\000\040\000a\000d\000d\000B\000a\000c\000k\000\050\000E\000v\000e\000n\000t\000\040\000n\000e\000w\000E\000v\000\051}{subsection.4.5.3}% 49
\BOOKMARK [3][-]{subsubsection.4.5.3.2}{\376\377\0004\000.\0005\000.\0003\000.\0002\000\040\000l\000e\000n\000g\000t\000h\000\050\000\051}{subsection.4.5.3}% 50
\BOOKMARK [3][-]{subsubsection.4.5.3.3}{\376\377\0004\000.\0005\000.\0003\000.\0003\000\040\000p\000e\000e\000k\000F\000r\000o\000n\000t\000\050\000\051}{subsection.4.5.3}% 51
\BOOKMARK [3][-]{subsubsection.4.5.3.4}{\376\377\0004\000.\0005\000.\0003\000.\0004\000\040\000p\000o\000p\000F\000r\000o\000n\000t\000\050\000\051}{subsection.4.5.3}% 52
\BOOKMARK [2][-]{subsection.4.5.4}{\376\377\0004\000.\0005\000.\0004\000\040\000M\000e\000m\000b\000e\000r\000\040\000D\000a\000t\000a\000\040\000D\000o\000c\000u\000m\000e\000n\000t\000a\000t\000i\000o\000n}{section.4.5}% 53
\BOOKMARK [3][-]{subsubsection.4.5.4.1}{\376\377\0004\000.\0005\000.\0004\000.\0001\000\040\000h\000e\000a\000d}{subsection.4.5.4}% 54
\BOOKMARK [3][-]{subsubsection.4.5.4.2}{\376\377\0004\000.\0005\000.\0004\000.\0002\000\040\000l\000e\000n}{subsection.4.5.4}% 55
\BOOKMARK [3][-]{subsubsection.4.5.4.3}{\376\377\0004\000.\0005\000.\0004\000.\0003\000\040\000t\000a\000i\000l}{subsection.4.5.4}% 56
\BOOKMARK [1][-]{section.4.6}{\376\377\0004\000.\0006\000\040\000T\000e\000l\000l\000e\000r\000\040\000C\000l\000a\000s\000s\000\040\000R\000e\000f\000e\000r\000e\000n\000c\000e}{chapter.4}% 57
\BOOKMARK [2][-]{subsection.4.6.1}{\376\377\0004\000.\0006\000.\0001\000\040\000D\000e\000t\000a\000i\000l\000e\000d\000\040\000D\000e\000s\000c\000r\000i\000p\000t\000i\000o\000n}{section.4.6}% 58
\BOOKMARK [2][-]{subsection.4.6.2}{\376\377\0004\000.\0006\000.\0002\000\040\000C\000o\000n\000s\000t\000r\000u\000c\000t\000o\000r\000\040\000\046\000\040\000D\000e\000s\000t\000r\000u\000c\000t\000o\000r\000\040\000D\000o\000c\000u\000m\000e\000n\000t\000a\000t\000i\000o\000n}{section.4.6}% 59
\BOOKMARK [3][-]{subsubsection.4.6.2.1}{\376\377\0004\000.\0006\000.\0002\000.\0001\000\040\000T\000e\000l\000l\000e\000r\000\050\000E\000v\000e\000n\000t\000Q\000u\000e\000u\000e\000\040\000*\000l\000n\000,\000\040\000i\000n\000t\000\040\000*\000n\000c\000,\000\040\000d\000o\000u\000b\000l\000e\000\040\000*\000t\000w\000t\000,\000\040\000d\000o\000u\000b\000l\000e\000\040\000*\000m\000w\000t\000\051}{subsection.4.6.2}% 60
\BOOKMARK [2][-]{subsection.4.6.3}{\376\377\0004\000.\0006\000.\0003\000\040\000M\000e\000m\000b\000e\000r\000\040\000F\000u\000n\000c\000t\000i\000o\000n\000\040\000D\000o\000c\000u\000m\000e\000n\000t\000a\000t\000i\000o\000n}{section.4.6}% 61
\BOOKMARK [3][-]{subsubsection.4.6.3.1}{\376\377\0004\000.\0006\000.\0003\000.\0001\000\040\000f\000i\000n\000i\000s\000h\000\050\000i\000n\000t\000\040\000n\000o\000w\000\051}{subsection.4.6.3}% 62
\BOOKMARK [3][-]{subsubsection.4.6.3.2}{\376\377\0004\000.\0006\000.\0003\000.\0002\000\040\000t\000i\000c\000k\000\050\000i\000n\000t\000\040\000n\000o\000w\000\051}{subsection.4.6.3}% 63
\BOOKMARK [3][-]{subsubsection.4.6.3.3}{\376\377\0004\000.\0006\000.\0003\000.\0003\000\040\000w\000h\000e\000n\000N\000e\000x\000t\000\050\000\051}{subsection.4.6.3}% 64
\BOOKMARK [2][-]{subsection.4.6.4}{\376\377\0004\000.\0006\000.\0004\000\040\000M\000e\000m\000b\000e\000r\000\040\000D\000a\000t\000a\000\040\000D\000o\000c\000u\000m\000e\000n\000t\000a\000t\000i\000o\000n}{section.4.6}% 65
\BOOKMARK [3][-]{subsubsection.4.6.4.1}{\376\377\0004\000.\0006\000.\0004\000.\0001\000\040\000b\000u\000s\000y}{subsection.4.6.4}% 66
\BOOKMARK [3][-]{subsubsection.4.6.4.2}{\376\377\0004\000.\0006\000.\0004\000.\0002\000\040\000b\000u\000s\000y\000U\000n\000t\000i\000l}{subsection.4.6.4}% 67
\BOOKMARK [3][-]{subsubsection.4.6.4.3}{\376\377\0004\000.\0006\000.\0004\000.\0003\000\040\000i\000d\000l\000e\000S\000t\000a\000r\000t}{subsection.4.6.4}% 68
\BOOKMARK [3][-]{subsubsection.4.6.4.4}{\376\377\0004\000.\0006\000.\0004\000.\0004\000\040\000i\000d\000l\000e\000T\000i\000m\000e}{subsection.4.6.4}% 69
\BOOKMARK [3][-]{subsubsection.4.6.4.5}{\376\377\0004\000.\0006\000.\0004\000.\0005\000\040\000l\000i\000n\000e}{subsection.4.6.4}% 70
\BOOKMARK [3][-]{subsubsection.4.6.4.6}{\376\377\0004\000.\0006\000.\0004\000.\0006\000\040\000m\000a\000x\000W\000a\000i\000t\000T\000i\000m\000e}{subsection.4.6.4}% 71
\BOOKMARK [3][-]{subsubsection.4.6.4.7}{\376\377\0004\000.\0006\000.\0004\000.\0007\000\040\000n\000u\000m\000C\000u\000s\000t\000o\000m\000e\000r\000s}{subsection.4.6.4}% 72
\BOOKMARK [3][-]{subsubsection.4.6.4.8}{\376\377\0004\000.\0006\000.\0004\000.\0008\000\040\000t\000o\000t\000W\000a\000i\000t\000T\000i\000m\000e}{subsection.4.6.4}% 73
\BOOKMARK [1][-]{section.4.7}{\376\377\0004\000.\0007\000\040\000T\000e\000l\000l\000e\000r\000S\000e\000t\000u\000p\000\040\000C\000l\000a\000s\000s\000\040\000R\000e\000f\000e\000r\000e\000n\000c\000e}{chapter.4}% 74
\BOOKMARK [2][-]{subsection.4.7.1}{\376\377\0004\000.\0007\000.\0001\000\040\000M\000e\000m\000b\000e\000r\000\040\000F\000u\000n\000c\000t\000i\000o\000n\000\040\000D\000o\000c\000u\000m\000e\000n\000t\000a\000t\000i\000o\000n}{section.4.7}% 75
\BOOKMARK [3][-]{subsubsection.4.7.1.1}{\376\377\0004\000.\0007\000.\0001\000.\0001\000\040\000p\000r\000i\000n\000t\000S\000t\000a\000t\000s\000\050\000s\000t\000d\000:\000:\000o\000s\000t\000r\000e\000a\000m\000\040\000o\000u\000t\000\051}{subsection.4.7.1}% 76
\BOOKMARK [3][-]{subsubsection.4.7.1.2}{\376\377\0004\000.\0007\000.\0001\000.\0002\000\040\000s\000i\000m\000u\000l\000a\000t\000e\000\050\000E\000v\000e\000n\000t\000Q\000u\000e\000u\000e\000\040\000*\000p\000E\000q\000\051\000=\0000}{subsection.4.7.1}% 77
\BOOKMARK [2][-]{subsection.4.7.2}{\376\377\0004\000.\0007\000.\0002\000\040\000M\000e\000m\000b\000e\000r\000\040\000D\000a\000t\000a\000\040\000D\000o\000c\000u\000m\000e\000n\000t\000a\000t\000i\000o\000n}{section.4.7}% 78
\BOOKMARK [3][-]{subsubsection.4.7.2.1}{\376\377\0004\000.\0007\000.\0002\000.\0001\000\040\000n\000u\000m\000L\000i\000n\000e\000s}{subsection.4.7.2}% 79
\BOOKMARK [3][-]{subsubsection.4.7.2.2}{\376\377\0004\000.\0007\000.\0002\000.\0002\000\040\000n\000u\000m\000T\000e\000l\000l\000e\000r\000s}{subsection.4.7.2}% 80
\BOOKMARK [3][-]{subsubsection.4.7.2.3}{\376\377\0004\000.\0007\000.\0002\000.\0003\000\040\000n\000u\000m\000T\000r\000i\000a\000l\000s}{subsection.4.7.2}% 81
\BOOKMARK [3][-]{subsubsection.4.7.2.4}{\376\377\0004\000.\0007\000.\0002\000.\0004\000\040\000t\000o\000t\000A\000v\000g\000L\000i\000n\000e\000L\000e\000n}{subsection.4.7.2}% 82
\BOOKMARK [3][-]{subsubsection.4.7.2.5}{\376\377\0004\000.\0007\000.\0002\000.\0005\000\040\000t\000o\000t\000A\000v\000g\000W\000a\000i\000t\000T\000i\000m\000e}{subsection.4.7.2}% 83
\BOOKMARK [3][-]{subsubsection.4.7.2.6}{\376\377\0004\000.\0007\000.\0002\000.\0006\000\040\000t\000o\000t\000C\000P\000U\000T\000i\000m\000e}{subsection.4.7.2}% 84
\BOOKMARK [3][-]{subsubsection.4.7.2.7}{\376\377\0004\000.\0007\000.\0002\000.\0007\000\040\000t\000o\000t\000I\000d\000l\000e\000T\000i\000m\000e\000P\000e\000r\000T\000e\000l\000l\000e\000r}{subsection.4.7.2}% 85
\BOOKMARK [3][-]{subsubsection.4.7.2.8}{\376\377\0004\000.\0007\000.\0002\000.\0008\000\040\000t\000o\000t\000M\000a\000x\000L\000i\000n\000e\000L\000e\000n}{subsection.4.7.2}% 86
\BOOKMARK [3][-]{subsubsection.4.7.2.9}{\376\377\0004\000.\0007\000.\0002\000.\0009\000\040\000t\000o\000t\000M\000a\000x\000W\000a\000i\000t\000T\000i\000m\000e}{subsection.4.7.2}% 87
\BOOKMARK [3][-]{subsubsection.4.7.2.10}{\376\377\0004\000.\0007\000.\0002\000.\0001\0000\000\040\000t\000o\000t\000V\000i\000r\000t\000T\000i\000m\000e}{subsection.4.7.2}% 88
\BOOKMARK [1][-]{section.4.8}{\376\377\0004\000.\0008\000\040\000T\000e\000l\000l\000e\000r\000S\000e\000t\000u\000p\000\137\0001\000Q\000n\000T\000\040\000C\000l\000a\000s\000s\000\040\000R\000e\000f\000e\000r\000e\000n\000c\000e}{chapter.4}% 89
\BOOKMARK [2][-]{subsection.4.8.1}{\376\377\0004\000.\0008\000.\0001\000\040\000C\000o\000n\000s\000t\000r\000u\000c\000t\000o\000r\000\040\000\046\000\040\000D\000e\000s\000t\000r\000u\000c\000t\000o\000r\000\040\000D\000o\000c\000u\000m\000e\000n\000t\000a\000t\000i\000o\000n}{section.4.8}% 90
\BOOKMARK [3][-]{subsubsection.4.8.1.1}{\376\377\0004\000.\0008\000.\0001\000.\0001\000\040\000T\000e\000l\000l\000e\000r\000S\000e\000t\000u\000p\0001\000Q\000n\000T\000\050\000i\000n\000t\000\040\000n\000\051}{subsection.4.8.1}% 91
\BOOKMARK [2][-]{subsection.4.8.2}{\376\377\0004\000.\0008\000.\0002\000\040\000M\000e\000m\000b\000e\000r\000\040\000F\000u\000n\000c\000t\000i\000o\000n\000\040\000D\000o\000c\000u\000m\000e\000n\000t\000a\000t\000i\000o\000n}{section.4.8}% 92
\BOOKMARK [3][-]{subsubsection.4.8.2.1}{\376\377\0004\000.\0008\000.\0002\000.\0001\000\040\000s\000i\000m\000u\000l\000a\000t\000e\000\050\000E\000v\000e\000n\000t\000Q\000u\000e\000u\000e\000\040\000*\000p\000E\000q\000\051}{subsection.4.8.2}% 93
\BOOKMARK [1][-]{section.4.9}{\376\377\0004\000.\0009\000\040\000T\000e\000l\000l\000e\000r\000S\000e\000t\000u\000p\000\137\000n\000Q\000n\000T\000\040\000C\000l\000a\000s\000s\000\040\000R\000e\000f\000e\000r\000e\000n\000c\000e}{chapter.4}% 94
\BOOKMARK [2][-]{subsection.4.9.1}{\376\377\0004\000.\0009\000.\0001\000\040\000C\000o\000n\000s\000t\000r\000u\000c\000t\000o\000r\000\040\000\046\000\040\000D\000e\000s\000t\000r\000u\000c\000t\000o\000r\000\040\000D\000o\000c\000u\000m\000e\000n\000t\000a\000t\000i\000o\000n}{section.4.9}% 95
\BOOKMARK [3][-]{subsubsection.4.9.1.1}{\376\377\0004\000.\0009\000.\0001\000.\0001\000\040\000T\000e\000l\000l\000e\000r\000S\000e\000t\000u\000p\000n\000Q\000n\000T\000\050\000i\000n\000t\000\040\000n\000\051}{subsection.4.9.1}% 96
\BOOKMARK [2][-]{subsection.4.9.2}{\376\377\0004\000.\0009\000.\0002\000\040\000M\000e\000m\000b\000e\000r\000\040\000F\000u\000n\000c\000t\000i\000o\000n\000\040\000D\000o\000c\000u\000m\000e\000n\000t\000a\000t\000i\000o\000n}{section.4.9}% 97
\BOOKMARK [3][-]{subsubsection.4.9.2.1}{\376\377\0004\000.\0009\000.\0002\000.\0001\000\040\000s\000i\000m\000u\000l\000a\000t\000e\000\050\000E\000v\000e\000n\000t\000Q\000u\000e\000u\000e\000\040\000*\000p\000E\000q\000\051}{subsection.4.9.2}% 98
\BOOKMARK [1][-]{section.4.10}{\376\377\0004\000.\0001\0000\000\040\000T\000i\000c\000k\000a\000b\000l\000e\000\040\000C\000l\000a\000s\000s\000\040\000R\000e\000f\000e\000r\000e\000n\000c\000e}{chapter.4}% 99
\BOOKMARK [2][-]{subsection.4.10.1}{\376\377\0004\000.\0001\0000\000.\0001\000\040\000D\000e\000t\000a\000i\000l\000e\000d\000\040\000D\000e\000s\000c\000r\000i\000p\000t\000i\000o\000n}{section.4.10}% 100
\BOOKMARK [2][-]{subsection.4.10.2}{\376\377\0004\000.\0001\0000\000.\0002\000\040\000M\000e\000m\000b\000e\000r\000\040\000F\000u\000n\000c\000t\000i\000o\000n\000\040\000D\000o\000c\000u\000m\000e\000n\000t\000a\000t\000i\000o\000n}{section.4.10}% 101
\BOOKMARK [3][-]{subsubsection.4.10.2.1}{\376\377\0004\000.\0001\0000\000.\0002\000.\0001\000\040\000t\000i\000c\000k\000\050\000i\000n\000t\000\040\000n\000o\000w\000\051\000=\0000}{subsection.4.10.2}% 102
\BOOKMARK [3][-]{subsubsection.4.10.2.2}{\376\377\0004\000.\0001\0000\000.\0002\000.\0002\000\040\000w\000h\000e\000n\000N\000e\000x\000t\000\050\000\051\000=\0000}{subsection.4.10.2}% 103
\BOOKMARK [1][-]{section.4.11}{\376\377\0004\000.\0001\0001\000\040\000T\000i\000c\000k\000a\000b\000l\000e\000Q\000u\000e\000u\000e\000\040\000C\000l\000a\000s\000s\000\040\000R\000e\000f\000e\000r\000e\000n\000c\000e}{chapter.4}% 104
\BOOKMARK [2][-]{subsection.4.11.1}{\376\377\0004\000.\0001\0001\000.\0001\000\040\000D\000e\000t\000a\000i\000l\000e\000d\000\040\000D\000e\000s\000c\000r\000i\000p\000t\000i\000o\000n}{section.4.11}% 105
\BOOKMARK [2][-]{subsection.4.11.2}{\376\377\0004\000.\0001\0001\000.\0002\000\040\000C\000o\000n\000s\000t\000r\000u\000c\000t\000o\000r\000\040\000\046\000\040\000D\000e\000s\000t\000r\000u\000c\000t\000o\000r\000\040\000D\000o\000c\000u\000m\000e\000n\000t\000a\000t\000i\000o\000n}{section.4.11}% 106
\BOOKMARK [3][-]{subsubsection.4.11.2.1}{\376\377\0004\000.\0001\0001\000.\0002\000.\0001\000\040\000T\000i\000c\000k\000a\000b\000l\000e\000Q\000u\000e\000u\000e\000\050\000E\000v\000e\000n\000t\000Q\000u\000e\000u\000e\000\040\000*\000e\000v\000Q\000,\000\040\000d\000o\000u\000b\000l\000e\000\040\000*\000t\000l\000l\000,\000\040\000d\000o\000u\000b\000l\000e\000\040\000*\000m\000l\000l\000\051}{subsection.4.11.2}% 107
\BOOKMARK [2][-]{subsection.4.11.3}{\376\377\0004\000.\0001\0001\000.\0003\000\040\000M\000e\000m\000b\000e\000r\000\040\000F\000u\000n\000c\000t\000i\000o\000n\000\040\000D\000o\000c\000u\000m\000e\000n\000t\000a\000t\000i\000o\000n}{section.4.11}% 108
\BOOKMARK [3][-]{subsubsection.4.11.3.1}{\376\377\0004\000.\0001\0001\000.\0003\000.\0001\000\040\000r\000e\000g\000D\000e\000s\000t\000Q\000u\000e\000u\000e\000\050\000E\000v\000e\000n\000t\000Q\000u\000e\000u\000e\000\040\000*\000d\000e\000s\000t\000\051}{subsection.4.11.3}% 109
\BOOKMARK [3][-]{subsubsection.4.11.3.2}{\376\377\0004\000.\0001\0001\000.\0003\000.\0002\000\040\000t\000i\000c\000k\000\050\000i\000n\000t\000\040\000n\000o\000w\000\051}{subsection.4.11.3}% 110
\BOOKMARK [3][-]{subsubsection.4.11.3.3}{\376\377\0004\000.\0001\0001\000.\0003\000.\0003\000\040\000w\000h\000e\000n\000N\000e\000x\000t\000\050\000\051}{subsection.4.11.3}% 111
\BOOKMARK [2][-]{subsection.4.11.4}{\376\377\0004\000.\0001\0001\000.\0004\000\040\000M\000e\000m\000b\000e\000r\000\040\000D\000a\000t\000a\000\040\000D\000o\000c\000u\000m\000e\000n\000t\000a\000t\000i\000o\000n}{section.4.11}% 112
\BOOKMARK [3][-]{subsubsection.4.11.4.1}{\376\377\0004\000.\0001\0001\000.\0004\000.\0001\000\040\000d\000e\000s\000t\000L\000i\000n\000e\000s}{subsection.4.11.4}% 113
\BOOKMARK [3][-]{subsubsection.4.11.4.2}{\376\377\0004\000.\0001\0001\000.\0004\000.\0002\000\040\000e\000q}{subsection.4.11.4}% 114
\BOOKMARK [3][-]{subsubsection.4.11.4.3}{\376\377\0004\000.\0001\0001\000.\0004\000.\0003\000\040\000l\000a\000s\000t\000T\000i\000c\000k\000e\000d}{subsection.4.11.4}% 115
\BOOKMARK [3][-]{subsubsection.4.11.4.4}{\376\377\0004\000.\0001\0001\000.\0004\000.\0004\000\040\000m\000a\000x\000L\000i\000n\000e\000L\000e\000n}{subsection.4.11.4}% 116
\BOOKMARK [3][-]{subsubsection.4.11.4.5}{\376\377\0004\000.\0001\0001\000.\0004\000.\0005\000\040\000t\000o\000t\000L\000i\000n\000e\000L\000e\000n}{subsection.4.11.4}% 117
\BOOKMARK [0][-]{chapter.5}{\376\377\0005\000\040\000F\000i\000l\000e\000\040\000D\000o\000c\000u\000m\000e\000n\000t\000a\000t\000i\000o\000n}{}% 118
\BOOKMARK [1][-]{section.5.1}{\376\377\0005\000.\0001\000\040\000A\000B\000E\000v\000e\000n\000t\000Q\000u\000e\000u\000e\000.\000c\000p\000p\000\040\000F\000i\000l\000e\000\040\000R\000e\000f\000e\000r\000e\000n\000c\000e}{chapter.5}% 119
\BOOKMARK [1][-]{section.5.2}{\376\377\0005\000.\0002\000\040\000A\000B\000E\000v\000e\000n\000t\000Q\000u\000e\000u\000e\000.\000h\000\040\000F\000i\000l\000e\000\040\000R\000e\000f\000e\000r\000e\000n\000c\000e}{chapter.5}% 120
\BOOKMARK [2][-]{subsection.5.2.1}{\376\377\0005\000.\0002\000.\0001\000\040\000D\000e\000t\000a\000i\000l\000e\000d\000\040\000D\000e\000s\000c\000r\000i\000p\000t\000i\000o\000n}{section.5.2}% 121
\BOOKMARK [1][-]{section.5.3}{\376\377\0005\000.\0003\000\040\000E\000v\000e\000n\000t\000.\000h\000\040\000F\000i\000l\000e\000\040\000R\000e\000f\000e\000r\000e\000n\000c\000e}{chapter.5}% 122
\BOOKMARK [2][-]{subsection.5.3.1}{\376\377\0005\000.\0003\000.\0001\000\040\000D\000e\000t\000a\000i\000l\000e\000d\000\040\000D\000e\000s\000c\000r\000i\000p\000t\000i\000o\000n}{section.5.3}% 123
\BOOKMARK [1][-]{section.5.4}{\376\377\0005\000.\0004\000\040\000E\000v\000e\000n\000t\000Q\000u\000e\000u\000e\000.\000c\000p\000p\000\040\000F\000i\000l\000e\000\040\000R\000e\000f\000e\000r\000e\000n\000c\000e}{chapter.5}% 124
\BOOKMARK [1][-]{section.5.5}{\376\377\0005\000.\0005\000\040\000E\000v\000e\000n\000t\000Q\000u\000e\000u\000e\000.\000h\000\040\000F\000i\000l\000e\000\040\000R\000e\000f\000e\000r\000e\000n\000c\000e}{chapter.5}% 125
\BOOKMARK [2][-]{subsection.5.5.1}{\376\377\0005\000.\0005\000.\0001\000\040\000D\000e\000t\000a\000i\000l\000e\000d\000\040\000D\000e\000s\000c\000r\000i\000p\000t\000i\000o\000n}{section.5.5}% 126
\BOOKMARK [1][-]{section.5.6}{\376\377\0005\000.\0006\000\040\000L\000L\000E\000v\000e\000n\000t\000Q\000u\000e\000u\000e\000.\000c\000p\000p\000\040\000F\000i\000l\000e\000\040\000R\000e\000f\000e\000r\000e\000n\000c\000e}{chapter.5}% 127
\BOOKMARK [1][-]{section.5.7}{\376\377\0005\000.\0007\000\040\000L\000L\000E\000v\000e\000n\000t\000Q\000u\000e\000u\000e\000.\000h\000\040\000F\000i\000l\000e\000\040\000R\000e\000f\000e\000r\000e\000n\000c\000e}{chapter.5}% 128
\BOOKMARK [2][-]{subsection.5.7.1}{\376\377\0005\000.\0007\000.\0001\000\040\000D\000e\000t\000a\000i\000l\000e\000d\000\040\000D\000e\000s\000c\000r\000i\000p\000t\000i\000o\000n}{section.5.7}% 129
\BOOKMARK [1][-]{section.5.8}{\376\377\0005\000.\0008\000\040\000P\000A\0000\0005\000.\000c\000p\000p\000\040\000F\000i\000l\000e\000\040\000R\000e\000f\000e\000r\000e\000n\000c\000e}{chapter.5}% 130
\BOOKMARK [2][-]{subsection.5.8.1}{\376\377\0005\000.\0008\000.\0001\000\040\000D\000e\000t\000a\000i\000l\000e\000d\000\040\000D\000e\000s\000c\000r\000i\000p\000t\000i\000o\000n}{section.5.8}% 131
\BOOKMARK [2][-]{subsection.5.8.2}{\376\377\0005\000.\0008\000.\0002\000\040\000F\000u\000n\000c\000t\000i\000o\000n\000\040\000D\000o\000c\000u\000m\000e\000n\000t\000a\000t\000i\000o\000n}{section.5.8}% 132
\BOOKMARK [3][-]{subsubsection.5.8.2.1}{\376\377\0005\000.\0008\000.\0002\000.\0001\000\040\000m\000a\000i\000n\000\050\000\051}{subsection.5.8.2}% 133
\BOOKMARK [3][-]{subsubsection.5.8.2.2}{\376\377\0005\000.\0008\000.\0002\000.\0002\000\040\000T\000e\000s\000t\000S\000e\000t\000u\000p\000\050\000T\000e\000l\000l\000e\000r\000S\000e\000t\000u\000p\000\040\000*\000s\000e\000t\000u\000p\000,\000\040\000s\000t\000d\000:\000:\000o\000s\000t\000r\000e\000a\000m\000\040\000o\000u\000t\000\051}{subsection.5.8.2}% 134
\BOOKMARK [2][-]{subsection.5.8.3}{\376\377\0005\000.\0008\000.\0003\000\040\000V\000a\000r\000i\000a\000b\000l\000e\000\040\000D\000o\000c\000u\000m\000e\000n\000t\000a\000t\000i\000o\000n}{section.5.8}% 135
\BOOKMARK [3][-]{subsubsection.5.8.3.1}{\376\377\0005\000.\0008\000.\0003\000.\0001\000\040\000M\000A\000X\000A\000R\000R\000I\000V\000A\000L}{subsection.5.8.3}% 136
\BOOKMARK [3][-]{subsubsection.5.8.3.2}{\376\377\0005\000.\0008\000.\0003\000.\0002\000\040\000M\000A\000X\000D\000U\000R\000A\000T\000I\000O\000N}{subsection.5.8.3}% 137
\BOOKMARK [3][-]{subsubsection.5.8.3.3}{\376\377\0005\000.\0008\000.\0003\000.\0003\000\040\000M\000I\000N\000A\000R\000R\000I\000V\000A\000L}{subsection.5.8.3}% 138
\BOOKMARK [3][-]{subsubsection.5.8.3.4}{\376\377\0005\000.\0008\000.\0003\000.\0004\000\040\000M\000I\000N\000D\000U\000R\000A\000T\000I\000O\000N}{subsection.5.8.3}% 139
\BOOKMARK [3][-]{subsubsection.5.8.3.5}{\376\377\0005\000.\0008\000.\0003\000.\0005\000\040\000N\000U\000M\000E\000V\000E\000N\000T\000S}{subsection.5.8.3}% 140
\BOOKMARK [1][-]{section.5.9}{\376\377\0005\000.\0009\000\040\000T\000e\000l\000l\000e\000r\000S\000e\000t\000u\000p\000.\000c\000p\000p\000\040\000F\000i\000l\000e\000\040\000R\000e\000f\000e\000r\000e\000n\000c\000e}{chapter.5}% 141
\BOOKMARK [2][-]{subsection.5.9.1}{\376\377\0005\000.\0009\000.\0001\000\040\000F\000u\000n\000c\000t\000i\000o\000n\000\040\000D\000o\000c\000u\000m\000e\000n\000t\000a\000t\000i\000o\000n}{section.5.9}% 142
\BOOKMARK [3][-]{subsubsection.5.9.1.1}{\376\377\0005\000.\0009\000.\0001\000.\0001\000\040\000g\000e\000t\000E\000a\000r\000l\000i\000e\000s\000t\000T\000i\000m\000e\000\050\000c\000o\000n\000s\000t\000\040\000s\000t\000d\000:\000:\000v\000e\000c\000t\000o\000r\000<\000\040\000i\000n\000t\000\040\000>\000\040\000t\000i\000m\000e\000s\000\051}{subsection.5.9.1}% 143
\BOOKMARK [1][-]{section.5.10}{\376\377\0005\000.\0001\0000\000\040\000T\000e\000l\000l\000e\000r\000S\000e\000t\000u\000p\000.\000h\000\040\000F\000i\000l\000e\000\040\000R\000e\000f\000e\000r\000e\000n\000c\000e}{chapter.5}% 144
\BOOKMARK [2][-]{subsection.5.10.1}{\376\377\0005\000.\0001\0000\000.\0001\000\040\000D\000e\000t\000a\000i\000l\000e\000d\000\040\000D\000e\000s\000c\000r\000i\000p\000t\000i\000o\000n}{section.5.10}% 145
\BOOKMARK [2][-]{subsection.5.10.2}{\376\377\0005\000.\0001\0000\000.\0002\000\040\000F\000u\000n\000c\000t\000i\000o\000n\000\040\000D\000o\000c\000u\000m\000e\000n\000t\000a\000t\000i\000o\000n}{section.5.10}% 146
\BOOKMARK [3][-]{subsubsection.5.10.2.1}{\376\377\0005\000.\0001\0000\000.\0002\000.\0001\000\040\000g\000e\000t\000E\000a\000r\000l\000i\000e\000s\000t\000T\000i\000m\000e\000\050\000c\000o\000n\000s\000t\000\040\000s\000t\000d\000:\000:\000v\000e\000c\000t\000o\000r\000<\000\040\000i\000n\000t\000\040\000>\000\040\000t\000i\000m\000e\000s\000\051}{subsection.5.10.2}% 147
\BOOKMARK [1][-]{section.5.11}{\376\377\0005\000.\0001\0001\000\040\000T\000e\000l\000l\000e\000r\000S\000e\000t\000u\000p\000\137\0001\000Q\000n\000T\000.\000c\000p\000p\000\040\000F\000i\000l\000e\000\040\000R\000e\000f\000e\000r\000e\000n\000c\000e}{chapter.5}% 148
\BOOKMARK [1][-]{section.5.12}{\376\377\0005\000.\0001\0002\000\040\000T\000e\000l\000l\000e\000r\000S\000e\000t\000u\000p\000\137\0001\000Q\000n\000T\000.\000h\000\040\000F\000i\000l\000e\000\040\000R\000e\000f\000e\000r\000e\000n\000c\000e}{chapter.5}% 149
\BOOKMARK [2][-]{subsection.5.12.1}{\376\377\0005\000.\0001\0002\000.\0001\000\040\000D\000e\000t\000a\000i\000l\000e\000d\000\040\000D\000e\000s\000c\000r\000i\000p\000t\000i\000o\000n}{section.5.12}% 150
\BOOKMARK [1][-]{section.5.13}{\376\377\0005\000.\0001\0003\000\040\000T\000e\000l\000l\000e\000r\000S\000e\000t\000u\000p\000\137\000n\000Q\000n\000T\000.\000c\000p\000p\000\040\000F\000i\000l\000e\000\040\000R\000e\000f\000e\000r\000e\000n\000c\000e}{chapter.5}% 151
\BOOKMARK [1][-]{section.5.14}{\376\377\0005\000.\0001\0004\000\040\000T\000e\000l\000l\000e\000r\000S\000e\000t\000u\000p\000\137\000n\000Q\000n\000T\000.\000h\000\040\000F\000i\000l\000e\000\040\000R\000e\000f\000e\000r\000e\000n\000c\000e}{chapter.5}% 152
\BOOKMARK [2][-]{subsection.5.14.1}{\376\377\0005\000.\0001\0004\000.\0001\000\040\000D\000e\000t\000a\000i\000l\000e\000d\000\040\000D\000e\000s\000c\000r\000i\000p\000t\000i\000o\000n}{section.5.14}% 153
\BOOKMARK [0][-]{section*.68}{\376\377\000I\000n\000d\000e\000x}{}% 154
