\BOOKMARK [0][-]{chapter.1}{\376\377\0001\000\040\000C\000l\000a\000s\000s\000\040\000I\000n\000d\000e\000x}{}% 1
\BOOKMARK [1][-]{section.1.1}{\376\377\0001\000.\0001\000\040\000C\000l\000a\000s\000s\000\040\000L\000i\000s\000t}{chapter.1}% 2
\BOOKMARK [0][-]{chapter.2}{\376\377\0002\000\040\000F\000i\000l\000e\000\040\000I\000n\000d\000e\000x}{}% 3
\BOOKMARK [1][-]{section.2.1}{\376\377\0002\000.\0001\000\040\000F\000i\000l\000e\000\040\000L\000i\000s\000t}{chapter.2}% 4
\BOOKMARK [0][-]{chapter.3}{\376\377\0003\000\040\000C\000l\000a\000s\000s\000\040\000D\000o\000c\000u\000m\000e\000n\000t\000a\000t\000i\000o\000n}{}% 5
\BOOKMARK [1][-]{section.3.1}{\376\377\0003\000.\0001\000\040\000C\000i\000t\000y\000N\000o\000d\000e\000V\0001\000\040\000C\000l\000a\000s\000s\000\040\000R\000e\000f\000e\000r\000e\000n\000c\000e}{chapter.3}% 6
\BOOKMARK [2][-]{subsection.3.1.1}{\376\377\0003\000.\0001\000.\0001\000\040\000D\000e\000t\000a\000i\000l\000e\000d\000\040\000D\000e\000s\000c\000r\000i\000p\000t\000i\000o\000n}{section.3.1}% 7
\BOOKMARK [2][-]{subsection.3.1.2}{\376\377\0003\000.\0001\000.\0002\000\040\000C\000o\000n\000s\000t\000r\000u\000c\000t\000o\000r\000\040\000\046\000\040\000D\000e\000s\000t\000r\000u\000c\000t\000o\000r\000\040\000D\000o\000c\000u\000m\000e\000n\000t\000a\000t\000i\000o\000n}{section.3.1}% 8
\BOOKMARK [3][-]{subsubsection.3.1.2.1}{\376\377\0003\000.\0001\000.\0002\000.\0001\000\040\000C\000i\000t\000y\000N\000o\000d\000e\000V\0001\000\050\000c\000o\000n\000s\000t\000\040\000s\000t\000d\000:\000:\000s\000t\000r\000i\000n\000g\000\040\000n\000a\000m\000e\000\051}{subsection.3.1.2}% 9
\BOOKMARK [3][-]{subsubsection.3.1.2.2}{\376\377\0003\000.\0001\000.\0002\000.\0002\000\040\000C\000i\000t\000y\000N\000o\000d\000e\000V\0001\000\050\000\051}{subsection.3.1.2}% 10
\BOOKMARK [2][-]{subsection.3.1.3}{\376\377\0003\000.\0001\000.\0003\000\040\000M\000e\000m\000b\000e\000r\000\040\000D\000a\000t\000a\000\040\000D\000o\000c\000u\000m\000e\000n\000t\000a\000t\000i\000o\000n}{section.3.1}% 11
\BOOKMARK [3][-]{subsubsection.3.1.3.1}{\376\377\0003\000.\0001\000.\0003\000.\0001\000\040\000c\000o\000n\000n\000e\000c\000t\000i\000o\000n\000s}{subsection.3.1.3}% 12
\BOOKMARK [3][-]{subsubsection.3.1.3.2}{\376\377\0003\000.\0001\000.\0003\000.\0002\000\040\000n\000a\000m\000e}{subsection.3.1.3}% 13
\BOOKMARK [3][-]{subsubsection.3.1.3.3}{\376\377\0003\000.\0001\000.\0003\000.\0003\000\040\000v\000i\000s\000i\000t\000e\000d}{subsection.3.1.3}% 14
\BOOKMARK [1][-]{section.3.2}{\376\377\0003\000.\0002\000\040\000C\000i\000t\000y\000N\000o\000d\000e\000V\0002\000\040\000C\000l\000a\000s\000s\000\040\000R\000e\000f\000e\000r\000e\000n\000c\000e}{chapter.3}% 15
\BOOKMARK [2][-]{subsection.3.2.1}{\376\377\0003\000.\0002\000.\0001\000\040\000D\000e\000t\000a\000i\000l\000e\000d\000\040\000D\000e\000s\000c\000r\000i\000p\000t\000i\000o\000n}{section.3.2}% 16
\BOOKMARK [2][-]{subsection.3.2.2}{\376\377\0003\000.\0002\000.\0002\000\040\000C\000o\000n\000s\000t\000r\000u\000c\000t\000o\000r\000\040\000\046\000\040\000D\000e\000s\000t\000r\000u\000c\000t\000o\000r\000\040\000D\000o\000c\000u\000m\000e\000n\000t\000a\000t\000i\000o\000n}{section.3.2}% 17
\BOOKMARK [3][-]{subsubsection.3.2.2.1}{\376\377\0003\000.\0002\000.\0002\000.\0001\000\040\000C\000i\000t\000y\000N\000o\000d\000e\000V\0002\000\050\000c\000o\000n\000s\000t\000\040\000s\000t\000d\000:\000:\000s\000t\000r\000i\000n\000g\000\040\000n\000a\000m\000e\000\051}{subsection.3.2.2}% 18
\BOOKMARK [3][-]{subsubsection.3.2.2.2}{\376\377\0003\000.\0002\000.\0002\000.\0002\000\040\000C\000i\000t\000y\000N\000o\000d\000e\000V\0002\000\050\000\051}{subsection.3.2.2}% 19
\BOOKMARK [2][-]{subsection.3.2.3}{\376\377\0003\000.\0002\000.\0003\000\040\000M\000e\000m\000b\000e\000r\000\040\000D\000a\000t\000a\000\040\000D\000o\000c\000u\000m\000e\000n\000t\000a\000t\000i\000o\000n}{section.3.2}% 20
\BOOKMARK [3][-]{subsubsection.3.2.3.1}{\376\377\0003\000.\0002\000.\0003\000.\0001\000\040\000c\000o\000n\000n\000e\000c\000t\000i\000o\000n\000s}{subsection.3.2.3}% 21
\BOOKMARK [3][-]{subsubsection.3.2.3.2}{\376\377\0003\000.\0002\000.\0003\000.\0002\000\040\000n\000a\000m\000e}{subsection.3.2.3}% 22
\BOOKMARK [3][-]{subsubsection.3.2.3.3}{\376\377\0003\000.\0002\000.\0003\000.\0003\000\040\000t\000r\000y\000N\000e\000x\000t}{subsection.3.2.3}% 23
\BOOKMARK [3][-]{subsubsection.3.2.3.4}{\376\377\0003\000.\0002\000.\0003\000.\0004\000\040\000v\000i\000s\000i\000t\000e\000d}{subsection.3.2.3}% 24
\BOOKMARK [1][-]{section.3.3}{\376\377\0003\000.\0003\000\040\000C\000o\000n\000n\000e\000c\000t\000i\000o\000n\000V\0001\000\040\000S\000t\000r\000u\000c\000t\000\040\000R\000e\000f\000e\000r\000e\000n\000c\000e}{chapter.3}% 25
\BOOKMARK [2][-]{subsection.3.3.1}{\376\377\0003\000.\0003\000.\0001\000\040\000D\000e\000t\000a\000i\000l\000e\000d\000\040\000D\000e\000s\000c\000r\000i\000p\000t\000i\000o\000n}{section.3.3}% 26
\BOOKMARK [2][-]{subsection.3.3.2}{\376\377\0003\000.\0003\000.\0002\000\040\000M\000e\000m\000b\000e\000r\000\040\000D\000a\000t\000a\000\040\000D\000o\000c\000u\000m\000e\000n\000t\000a\000t\000i\000o\000n}{section.3.3}% 27
\BOOKMARK [3][-]{subsubsection.3.3.2.1}{\376\377\0003\000.\0003\000.\0002\000.\0001\000\040\000c\000o\000s\000t}{subsection.3.3.2}% 28
\BOOKMARK [3][-]{subsubsection.3.3.2.2}{\376\377\0003\000.\0003\000.\0002\000.\0002\000\040\000d\000e\000s\000t}{subsection.3.3.2}% 29
\BOOKMARK [3][-]{subsubsection.3.3.2.3}{\376\377\0003\000.\0003\000.\0002\000.\0003\000\040\000n\000u\000m\000b\000e\000r}{subsection.3.3.2}% 30
\BOOKMARK [1][-]{section.3.4}{\376\377\0003\000.\0004\000\040\000C\000o\000n\000n\000e\000c\000t\000i\000o\000n\000V\0002\000\040\000S\000t\000r\000u\000c\000t\000\040\000R\000e\000f\000e\000r\000e\000n\000c\000e}{chapter.3}% 31
\BOOKMARK [2][-]{subsection.3.4.1}{\376\377\0003\000.\0004\000.\0001\000\040\000D\000e\000t\000a\000i\000l\000e\000d\000\040\000D\000e\000s\000c\000r\000i\000p\000t\000i\000o\000n}{section.3.4}% 32
\BOOKMARK [2][-]{subsection.3.4.2}{\376\377\0003\000.\0004\000.\0002\000\040\000M\000e\000m\000b\000e\000r\000\040\000D\000a\000t\000a\000\040\000D\000o\000c\000u\000m\000e\000n\000t\000a\000t\000i\000o\000n}{section.3.4}% 33
\BOOKMARK [3][-]{subsubsection.3.4.2.1}{\376\377\0003\000.\0004\000.\0002\000.\0001\000\040\000c\000o\000s\000t}{subsection.3.4.2}% 34
\BOOKMARK [3][-]{subsubsection.3.4.2.2}{\376\377\0003\000.\0004\000.\0002\000.\0002\000\040\000d\000e\000s\000t}{subsection.3.4.2}% 35
\BOOKMARK [3][-]{subsubsection.3.4.2.3}{\376\377\0003\000.\0004\000.\0002\000.\0003\000\040\000n\000u\000m\000b\000e\000r}{subsection.3.4.2}% 36
\BOOKMARK [1][-]{section.3.5}{\376\377\0003\000.\0005\000\040\000F\000l\000i\000g\000h\000t\000M\000a\000p\000V\0001\000\040\000C\000l\000a\000s\000s\000\040\000R\000e\000f\000e\000r\000e\000n\000c\000e}{chapter.3}% 37
\BOOKMARK [2][-]{subsection.3.5.1}{\376\377\0003\000.\0005\000.\0001\000\040\000D\000e\000t\000a\000i\000l\000e\000d\000\040\000D\000e\000s\000c\000r\000i\000p\000t\000i\000o\000n}{section.3.5}% 38
\BOOKMARK [2][-]{subsection.3.5.2}{\376\377\0003\000.\0005\000.\0002\000\040\000C\000o\000n\000s\000t\000r\000u\000c\000t\000o\000r\000\040\000\046\000\040\000D\000e\000s\000t\000r\000u\000c\000t\000o\000r\000\040\000D\000o\000c\000u\000m\000e\000n\000t\000a\000t\000i\000o\000n}{section.3.5}% 39
\BOOKMARK [3][-]{subsubsection.3.5.2.1}{\376\377\0003\000.\0005\000.\0002\000.\0001\000\040\000F\000l\000i\000g\000h\000t\000M\000a\000p\000V\0001\000\050\000s\000t\000d\000:\000:\000v\000e\000c\000t\000o\000r\000<\000\040\000s\000t\000d\000:\000:\000s\000t\000r\000i\000n\000g\000\040\000>\000\040\000c\000i\000t\000i\000e\000s\000,\000\040\000s\000t\000d\000:\000:\000m\000a\000p\000<\000\040\000s\000t\000d\000:\000:\000p\000a\000i\000r\000<\000\040\000s\000t\000d\000:\000:\000s\000t\000r\000i\000n\000g\000,\000\040\000s\000t\000d\000:\000:\000s\000t\000r\000i\000n\000g\000\040\000>\000,\000\040\000s\000t\000d\000:\000:\000p\000a\000i\000r\000<\000\040\000i\000n\000t\000,\000\040\000i\000n\000t\000\040\000>\000>\000\040\000f\000l\000i\000g\000h\000t\000s\000\051}{subsection.3.5.2}% 40
\BOOKMARK [2][-]{subsection.3.5.3}{\376\377\0003\000.\0005\000.\0003\000\040\000M\000e\000m\000b\000e\000r\000\040\000F\000u\000n\000c\000t\000i\000o\000n\000\040\000D\000o\000c\000u\000m\000e\000n\000t\000a\000t\000i\000o\000n}{section.3.5}% 41
\BOOKMARK [3][-]{subsubsection.3.5.3.1}{\376\377\0003\000.\0005\000.\0003\000.\0001\000\040\000i\000s\000P\000a\000t\000h\000\050\000c\000o\000n\000s\000t\000\040\000s\000t\000d\000:\000:\000s\000t\000r\000i\000n\000g\000\040\000o\000r\000i\000g\000i\000n\000,\000\040\000c\000o\000n\000s\000t\000\040\000s\000t\000d\000:\000:\000s\000t\000r\000i\000n\000g\000\040\000d\000e\000s\000t\000,\000\040\000s\000t\000d\000:\000:\000s\000t\000r\000i\000n\000g\000\040\000i\000t\000i\000n\000e\000r\000a\000r\000y\000,\000\040\000s\000t\000d\000:\000:\000o\000f\000s\000t\000r\000e\000a\000m\000\040\000l\000o\000g\000\051}{subsection.3.5.3}% 42
\BOOKMARK [3][-]{subsubsection.3.5.3.2}{\376\377\0003\000.\0005\000.\0003\000.\0002\000\040\000m\000a\000r\000k\000V\000i\000s\000i\000t\000e\000d\000\050\000c\000o\000n\000s\000t\000\040\000s\000t\000d\000:\000:\000s\000t\000r\000i\000n\000g\000\040\000c\000i\000t\000y\000\051}{subsection.3.5.3}% 43
\BOOKMARK [3][-]{subsubsection.3.5.3.3}{\376\377\0003\000.\0005\000.\0003\000.\0003\000\040\000u\000n\000v\000i\000s\000i\000t\000A\000l\000l\000\050\000\051}{subsection.3.5.3}% 44
\BOOKMARK [1][-]{section.3.6}{\376\377\0003\000.\0006\000\040\000F\000l\000i\000g\000h\000t\000M\000a\000p\000V\0002\000\040\000C\000l\000a\000s\000s\000\040\000R\000e\000f\000e\000r\000e\000n\000c\000e}{chapter.3}% 45
\BOOKMARK [2][-]{subsection.3.6.1}{\376\377\0003\000.\0006\000.\0001\000\040\000D\000e\000t\000a\000i\000l\000e\000d\000\040\000D\000e\000s\000c\000r\000i\000p\000t\000i\000o\000n}{section.3.6}% 46
\BOOKMARK [2][-]{subsection.3.6.2}{\376\377\0003\000.\0006\000.\0002\000\040\000C\000o\000n\000s\000t\000r\000u\000c\000t\000o\000r\000\040\000\046\000\040\000D\000e\000s\000t\000r\000u\000c\000t\000o\000r\000\040\000D\000o\000c\000u\000m\000e\000n\000t\000a\000t\000i\000o\000n}{section.3.6}% 47
\BOOKMARK [3][-]{subsubsection.3.6.2.1}{\376\377\0003\000.\0006\000.\0002\000.\0001\000\040\000F\000l\000i\000g\000h\000t\000M\000a\000p\000V\0002\000\050\000s\000t\000d\000:\000:\000v\000e\000c\000t\000o\000r\000<\000\040\000s\000t\000d\000:\000:\000s\000t\000r\000i\000n\000g\000\040\000>\000\040\000c\000i\000t\000i\000e\000s\000,\000\040\000s\000t\000d\000:\000:\000m\000a\000p\000<\000\040\000s\000t\000d\000:\000:\000p\000a\000i\000r\000<\000\040\000s\000t\000d\000:\000:\000s\000t\000r\000i\000n\000g\000,\000\040\000s\000t\000d\000:\000:\000s\000t\000r\000i\000n\000g\000\040\000>\000,\000\040\000s\000t\000d\000:\000:\000p\000a\000i\000r\000<\000\040\000i\000n\000t\000,\000\040\000i\000n\000t\000\040\000>\000>\000\040\000f\000l\000i\000g\000h\000t\000s\000\051}{subsection.3.6.2}% 48
\BOOKMARK [2][-]{subsection.3.6.3}{\376\377\0003\000.\0006\000.\0003\000\040\000M\000e\000m\000b\000e\000r\000\040\000F\000u\000n\000c\000t\000i\000o\000n\000\040\000D\000o\000c\000u\000m\000e\000n\000t\000a\000t\000i\000o\000n}{section.3.6}% 49
\BOOKMARK [3][-]{subsubsection.3.6.3.1}{\376\377\0003\000.\0006\000.\0003\000.\0001\000\040\000i\000s\000P\000a\000t\000h\000\050\000c\000o\000n\000s\000t\000\040\000s\000t\000d\000:\000:\000s\000t\000r\000i\000n\000g\000\040\000o\000r\000i\000g\000i\000n\000,\000\040\000c\000o\000n\000s\000t\000\040\000s\000t\000d\000:\000:\000s\000t\000r\000i\000n\000g\000\040\000d\000e\000s\000t\000,\000\040\000s\000t\000d\000:\000:\000s\000t\000r\000i\000n\000g\000\040\000i\000t\000i\000n\000e\000r\000a\000r\000y\000,\000\040\000s\000t\000d\000:\000:\000o\000f\000s\000t\000r\000e\000a\000m\000\040\000l\000o\000g\000\051}{subsection.3.6.3}% 50
\BOOKMARK [3][-]{subsubsection.3.6.3.2}{\376\377\0003\000.\0006\000.\0003\000.\0002\000\040\000m\000a\000r\000k\000V\000i\000s\000i\000t\000e\000d\000\050\000c\000o\000n\000s\000t\000\040\000s\000t\000d\000:\000:\000s\000t\000r\000i\000n\000g\000\040\000c\000i\000t\000y\000\051}{subsection.3.6.3}% 51
\BOOKMARK [3][-]{subsubsection.3.6.3.3}{\376\377\0003\000.\0006\000.\0003\000.\0003\000\040\000u\000n\000v\000i\000s\000i\000t\000A\000l\000l\000\050\000\051}{subsection.3.6.3}% 52
\BOOKMARK [0][-]{chapter.4}{\376\377\0004\000\040\000F\000i\000l\000e\000\040\000D\000o\000c\000u\000m\000e\000n\000t\000a\000t\000i\000o\000n}{}% 53
\BOOKMARK [1][-]{section.4.1}{\376\377\0004\000.\0001\000\040\000F\000l\000i\000g\000h\000t\000M\000a\000p\000.\000v\0001\000.\000c\000p\000p\000\040\000F\000i\000l\000e\000\040\000R\000e\000f\000e\000r\000e\000n\000c\000e}{chapter.4}% 54
\BOOKMARK [2][-]{subsection.4.1.1}{\376\377\0004\000.\0001\000.\0001\000\040\000F\000u\000n\000c\000t\000i\000o\000n\000\040\000D\000o\000c\000u\000m\000e\000n\000t\000a\000t\000i\000o\000n}{section.4.1}% 55
\BOOKMARK [3][-]{subsubsection.4.1.1.1}{\376\377\0004\000.\0001\000.\0001\000.\0001\000\040\000l\000o\000g\000S\000t\000a\000c\000k\000S\000t\000a\000t\000e\000\050\000c\000o\000n\000s\000t\000\040\000s\000t\000d\000:\000:\000s\000t\000a\000c\000k\000<\000\040\000s\000t\000d\000:\000:\000s\000t\000r\000i\000n\000g\000\040\000>\000\040\000s\000t\000a\000c\000k\000,\000\040\000s\000t\000d\000:\000:\000o\000f\000s\000t\000r\000e\000a\000m\000\040\000l\000o\000g\000\051}{subsection.4.1.1}% 56
\BOOKMARK [3][-]{subsubsection.4.1.1.2}{\376\377\0004\000.\0001\000.\0001\000.\0002\000\040\000s\000t\000r\000I\000n\000V\000e\000c\000\050\000c\000o\000n\000s\000t\000\040\000s\000t\000d\000:\000:\000v\000e\000c\000t\000o\000r\000<\000\040\000s\000t\000d\000:\000:\000s\000t\000r\000i\000n\000g\000\040\000>\000\040\000v\000e\000c\000,\000\040\000c\000o\000n\000s\000t\000\040\000s\000t\000d\000:\000:\000s\000t\000r\000i\000n\000g\000\040\000t\000o\000F\000i\000n\000d\000\051}{subsection.4.1.1}% 57
\BOOKMARK [1][-]{section.4.2}{\376\377\0004\000.\0002\000\040\000F\000l\000i\000g\000h\000t\000M\000a\000p\000.\000v\0001\000.\000h\000\040\000F\000i\000l\000e\000\040\000R\000e\000f\000e\000r\000e\000n\000c\000e}{chapter.4}% 58
\BOOKMARK [1][-]{section.4.3}{\376\377\0004\000.\0003\000\040\000F\000l\000i\000g\000h\000t\000M\000a\000p\000.\000v\0002\000.\000c\000p\000p\000\040\000F\000i\000l\000e\000\040\000R\000e\000f\000e\000r\000e\000n\000c\000e}{chapter.4}% 59
\BOOKMARK [2][-]{subsection.4.3.1}{\376\377\0004\000.\0003\000.\0001\000\040\000F\000u\000n\000c\000t\000i\000o\000n\000\040\000D\000o\000c\000u\000m\000e\000n\000t\000a\000t\000i\000o\000n}{section.4.3}% 60
\BOOKMARK [3][-]{subsubsection.4.3.1.1}{\376\377\0004\000.\0003\000.\0001\000.\0001\000\040\000l\000o\000g\000S\000t\000a\000c\000k\000S\000t\000a\000t\000e\000\050\000c\000o\000n\000s\000t\000\040\000s\000t\000d\000:\000:\000s\000t\000a\000c\000k\000<\000\040\000s\000t\000d\000:\000:\000s\000t\000r\000i\000n\000g\000\040\000>\000\040\000s\000t\000a\000c\000k\000,\000\040\000s\000t\000d\000:\000:\000o\000f\000s\000t\000r\000e\000a\000m\000\040\000l\000o\000g\000\051}{subsection.4.3.1}% 61
\BOOKMARK [3][-]{subsubsection.4.3.1.2}{\376\377\0004\000.\0003\000.\0001\000.\0002\000\040\000s\000t\000r\000I\000n\000V\000e\000c\000\050\000c\000o\000n\000s\000t\000\040\000s\000t\000d\000:\000:\000v\000e\000c\000t\000o\000r\000<\000\040\000s\000t\000d\000:\000:\000s\000t\000r\000i\000n\000g\000\040\000>\000\040\000v\000e\000c\000,\000\040\000c\000o\000n\000s\000t\000\040\000s\000t\000d\000:\000:\000s\000t\000r\000i\000n\000g\000\040\000t\000o\000F\000i\000n\000d\000\051}{subsection.4.3.1}% 62
\BOOKMARK [1][-]{section.4.4}{\376\377\0004\000.\0004\000\040\000F\000l\000i\000g\000h\000t\000M\000a\000p\000.\000v\0002\000.\000c\000p\000p\000.\000c\000p\000p\000\040\000F\000i\000l\000e\000\040\000R\000e\000f\000e\000r\000e\000n\000c\000e}{chapter.4}% 63
\BOOKMARK [2][-]{subsection.4.4.1}{\376\377\0004\000.\0004\000.\0001\000\040\000F\000u\000n\000c\000t\000i\000o\000n\000\040\000D\000o\000c\000u\000m\000e\000n\000t\000a\000t\000i\000o\000n}{section.4.4}% 64
\BOOKMARK [3][-]{subsubsection.4.4.1.1}{\376\377\0004\000.\0004\000.\0001\000.\0001\000\040\000l\000o\000g\000S\000t\000a\000c\000k\000S\000t\000a\000t\000e\000\050\000c\000o\000n\000s\000t\000\040\000s\000t\000d\000:\000:\000s\000t\000a\000c\000k\000<\000\040\000s\000t\000d\000:\000:\000s\000t\000r\000i\000n\000g\000\040\000>\000\040\000s\000t\000a\000c\000k\000,\000\040\000s\000t\000d\000:\000:\000o\000f\000s\000t\000r\000e\000a\000m\000\040\000l\000o\000g\000\051}{subsection.4.4.1}% 65
\BOOKMARK [3][-]{subsubsection.4.4.1.2}{\376\377\0004\000.\0004\000.\0001\000.\0002\000\040\000s\000t\000r\000I\000n\000V\000e\000c\000\050\000c\000o\000n\000s\000t\000\040\000s\000t\000d\000:\000:\000v\000e\000c\000t\000o\000r\000<\000\040\000s\000t\000d\000:\000:\000s\000t\000r\000i\000n\000g\000\040\000>\000\040\000v\000e\000c\000,\000\040\000c\000o\000n\000s\000t\000\040\000s\000t\000d\000:\000:\000s\000t\000r\000i\000n\000g\000\040\000t\000o\000F\000i\000n\000d\000\051}{subsection.4.4.1}% 66
\BOOKMARK [1][-]{section.4.5}{\376\377\0004\000.\0005\000\040\000F\000l\000i\000g\000h\000t\000M\000a\000p\000.\000v\0002\000.\000h\000\040\000F\000i\000l\000e\000\040\000R\000e\000f\000e\000r\000e\000n\000c\000e}{chapter.4}% 67
\BOOKMARK [1][-]{section.4.6}{\376\377\0004\000.\0006\000\040\000P\000A\0000\0003\000.\000c\000p\000p\000\040\000F\000i\000l\000e\000\040\000R\000e\000f\000e\000r\000e\000n\000c\000e}{chapter.4}% 68
\BOOKMARK [2][-]{subsection.4.6.1}{\376\377\0004\000.\0006\000.\0001\000\040\000F\000u\000n\000c\000t\000i\000o\000n\000\040\000D\000o\000c\000u\000m\000e\000n\000t\000a\000t\000i\000o\000n}{section.4.6}% 69
\BOOKMARK [3][-]{subsubsection.4.6.1.1}{\376\377\0004\000.\0006\000.\0001\000.\0001\000\040\000l\000o\000a\000d\000C\000i\000t\000i\000e\000s\000\050\000c\000o\000n\000s\000t\000\040\000s\000t\000d\000:\000:\000s\000t\000r\000i\000n\000g\000\040\000p\000a\000t\000h\000\051}{subsection.4.6.1}% 70
\BOOKMARK [3][-]{subsubsection.4.6.1.2}{\376\377\0004\000.\0006\000.\0001\000.\0002\000\040\000l\000o\000a\000d\000F\000l\000i\000g\000h\000t\000s\000\050\000c\000o\000n\000s\000t\000\040\000s\000t\000d\000:\000:\000s\000t\000r\000i\000n\000g\000\040\000p\000a\000t\000h\000\051}{subsection.4.6.1}% 71
\BOOKMARK [3][-]{subsubsection.4.6.1.3}{\376\377\0004\000.\0006\000.\0001\000.\0003\000\040\000l\000o\000a\000d\000R\000e\000q\000u\000e\000s\000t\000s\000\050\000c\000o\000n\000s\000t\000\040\000s\000t\000d\000:\000:\000s\000t\000r\000i\000n\000g\000\040\000p\000a\000t\000h\000\051}{subsection.4.6.1}% 72
\BOOKMARK [3][-]{subsubsection.4.6.1.4}{\376\377\0004\000.\0006\000.\0001\000.\0004\000\040\000m\000a\000i\000n\000\050\000i\000n\000t\000\040\000a\000r\000g\000c\000,\000\040\000c\000h\000a\000r\000\040\000*\000*\000a\000r\000g\000v\000\051}{subsection.4.6.1}% 73
\BOOKMARK [3][-]{subsubsection.4.6.1.5}{\376\377\0004\000.\0006\000.\0001\000.\0005\000\040\000s\000p\000l\000i\000t\000S\000t\000r\000i\000n\000g\000\050\000c\000o\000n\000s\000t\000\040\000s\000t\000d\000:\000:\000s\000t\000r\000i\000n\000g\000\040\000t\000o\000S\000p\000l\000i\000t\000,\000\040\000c\000h\000a\000r\000\040\000d\000e\000l\000i\000m\000\051}{subsection.4.6.1}% 74
\BOOKMARK [3][-]{subsubsection.4.6.1.6}{\376\377\0004\000.\0006\000.\0001\000.\0006\000\040\000s\000t\000r\000i\000n\000g\000T\000o\000I\000n\000t\000\050\000c\000o\000n\000s\000t\000\040\000s\000t\000d\000:\000:\000s\000t\000r\000i\000n\000g\000\040\000t\000o\000C\000o\000n\000v\000e\000r\000t\000\051}{subsection.4.6.1}% 75
\BOOKMARK [0][-]{section*.24}{\376\377\000I\000n\000d\000e\000x}{}% 76
