\BOOKMARK [0][-]{chapter.1}{\376\377\0001\000\040\000H\000i\000e\000r\000a\000r\000c\000h\000i\000c\000a\000l\000\040\000I\000n\000d\000e\000x}{}% 1
\BOOKMARK [1][-]{section.1.1}{\376\377\0001\000.\0001\000\040\000C\000l\000a\000s\000s\000\040\000H\000i\000e\000r\000a\000r\000c\000h\000y}{chapter.1}% 2
\BOOKMARK [0][-]{chapter.2}{\376\377\0002\000\040\000C\000l\000a\000s\000s\000\040\000I\000n\000d\000e\000x}{}% 3
\BOOKMARK [1][-]{section.2.1}{\376\377\0002\000.\0001\000\040\000C\000l\000a\000s\000s\000\040\000L\000i\000s\000t}{chapter.2}% 4
\BOOKMARK [0][-]{chapter.3}{\376\377\0003\000\040\000F\000i\000l\000e\000\040\000I\000n\000d\000e\000x}{}% 5
\BOOKMARK [1][-]{section.3.1}{\376\377\0003\000.\0001\000\040\000F\000i\000l\000e\000\040\000L\000i\000s\000t}{chapter.3}% 6
\BOOKMARK [0][-]{chapter.4}{\376\377\0004\000\040\000C\000l\000a\000s\000s\000\040\000D\000o\000c\000u\000m\000e\000n\000t\000a\000t\000i\000o\000n}{}% 7
\BOOKMARK [1][-]{section.4.1}{\376\377\0004\000.\0001\000\040\000B\000u\000b\000b\000l\000e\000S\000o\000r\000t\000e\000r\000\040\000C\000l\000a\000s\000s\000\040\000R\000e\000f\000e\000r\000e\000n\000c\000e}{chapter.4}% 8
\BOOKMARK [2][-]{subsection.4.1.1}{\376\377\0004\000.\0001\000.\0001\000\040\000D\000e\000t\000a\000i\000l\000e\000d\000\040\000D\000e\000s\000c\000r\000i\000p\000t\000i\000o\000n}{section.4.1}% 9
\BOOKMARK [2][-]{subsection.4.1.2}{\376\377\0004\000.\0001\000.\0002\000\040\000C\000o\000n\000s\000t\000r\000u\000c\000t\000o\000r\000\040\000\046\000\040\000D\000e\000s\000t\000r\000u\000c\000t\000o\000r\000\040\000D\000o\000c\000u\000m\000e\000n\000t\000a\000t\000i\000o\000n}{section.4.1}% 10
\BOOKMARK [3][-]{subsubsection.4.1.2.1}{\376\377\0004\000.\0001\000.\0002\000.\0001\000\040\000B\000u\000b\000b\000l\000e\000S\000o\000r\000t\000e\000r\000\050\000\051}{subsection.4.1.2}% 11
\BOOKMARK [2][-]{subsection.4.1.3}{\376\377\0004\000.\0001\000.\0003\000\040\000M\000e\000m\000b\000e\000r\000\040\000F\000u\000n\000c\000t\000i\000o\000n\000\040\000D\000o\000c\000u\000m\000e\000n\000t\000a\000t\000i\000o\000n}{section.4.1}% 12
\BOOKMARK [3][-]{subsubsection.4.1.3.1}{\376\377\0004\000.\0001\000.\0003\000.\0001\000\040\000s\000o\000r\000t\000I\000n\000P\000l\000a\000c\000e\000\050\000i\000n\000t\000\040\000*\000a\000r\000r\000,\000\040\000i\000n\000t\000\040\000l\000e\000n\000\051}{subsection.4.1.3}% 13
\BOOKMARK [1][-]{section.4.2}{\376\377\0004\000.\0002\000\040\000C\000o\000u\000n\000t\000i\000n\000g\000S\000o\000r\000t\000e\000r\000\040\000C\000l\000a\000s\000s\000\040\000R\000e\000f\000e\000r\000e\000n\000c\000e}{chapter.4}% 14
\BOOKMARK [2][-]{subsection.4.2.1}{\376\377\0004\000.\0002\000.\0001\000\040\000D\000e\000t\000a\000i\000l\000e\000d\000\040\000D\000e\000s\000c\000r\000i\000p\000t\000i\000o\000n}{section.4.2}% 15
\BOOKMARK [2][-]{subsection.4.2.2}{\376\377\0004\000.\0002\000.\0002\000\040\000C\000o\000n\000s\000t\000r\000u\000c\000t\000o\000r\000\040\000\046\000\040\000D\000e\000s\000t\000r\000u\000c\000t\000o\000r\000\040\000D\000o\000c\000u\000m\000e\000n\000t\000a\000t\000i\000o\000n}{section.4.2}% 16
\BOOKMARK [3][-]{subsubsection.4.2.2.1}{\376\377\0004\000.\0002\000.\0002\000.\0001\000\040\000C\000o\000u\000n\000t\000i\000n\000g\000S\000o\000r\000t\000e\000r\000\050\000\051}{subsection.4.2.2}% 17
\BOOKMARK [2][-]{subsection.4.2.3}{\376\377\0004\000.\0002\000.\0003\000\040\000M\000e\000m\000b\000e\000r\000\040\000F\000u\000n\000c\000t\000i\000o\000n\000\040\000D\000o\000c\000u\000m\000e\000n\000t\000a\000t\000i\000o\000n}{section.4.2}% 18
\BOOKMARK [3][-]{subsubsection.4.2.3.1}{\376\377\0004\000.\0002\000.\0003\000.\0001\000\040\000s\000o\000r\000t\000I\000n\000P\000l\000a\000c\000e\000\050\000i\000n\000t\000\040\000*\000a\000r\000r\000,\000\040\000i\000n\000t\000\040\000l\000e\000n\000\051}{subsection.4.2.3}% 19
\BOOKMARK [1][-]{section.4.3}{\376\377\0004\000.\0003\000\040\000M\000e\000r\000g\000e\000S\000o\000r\000t\000e\000r\000\040\000C\000l\000a\000s\000s\000\040\000R\000e\000f\000e\000r\000e\000n\000c\000e}{chapter.4}% 20
\BOOKMARK [2][-]{subsection.4.3.1}{\376\377\0004\000.\0003\000.\0001\000\040\000D\000e\000t\000a\000i\000l\000e\000d\000\040\000D\000e\000s\000c\000r\000i\000p\000t\000i\000o\000n}{section.4.3}% 21
\BOOKMARK [2][-]{subsection.4.3.2}{\376\377\0004\000.\0003\000.\0002\000\040\000C\000o\000n\000s\000t\000r\000u\000c\000t\000o\000r\000\040\000\046\000\040\000D\000e\000s\000t\000r\000u\000c\000t\000o\000r\000\040\000D\000o\000c\000u\000m\000e\000n\000t\000a\000t\000i\000o\000n}{section.4.3}% 22
\BOOKMARK [3][-]{subsubsection.4.3.2.1}{\376\377\0004\000.\0003\000.\0002\000.\0001\000\040\000M\000e\000r\000g\000e\000S\000o\000r\000t\000e\000r\000\050\000\051}{subsection.4.3.2}% 23
\BOOKMARK [2][-]{subsection.4.3.3}{\376\377\0004\000.\0003\000.\0003\000\040\000M\000e\000m\000b\000e\000r\000\040\000F\000u\000n\000c\000t\000i\000o\000n\000\040\000D\000o\000c\000u\000m\000e\000n\000t\000a\000t\000i\000o\000n}{section.4.3}% 24
\BOOKMARK [3][-]{subsubsection.4.3.3.1}{\376\377\0004\000.\0003\000.\0003\000.\0001\000\040\000m\000e\000r\000g\000e\000P\000a\000r\000t\000s\000\050\000i\000n\000t\000\040\000*\000p\000a\000r\000t\0001\000,\000\040\000i\000n\000t\000\040\000l\000e\000n\0001\000,\000\040\000i\000n\000t\000\040\000*\000p\000a\000r\000t\0002\000,\000\040\000i\000n\000t\000\040\000l\000e\000n\0002\000,\000\040\000i\000n\000t\000\040\000*\000d\000e\000s\000t\000\051}{subsection.4.3.3}% 25
\BOOKMARK [3][-]{subsubsection.4.3.3.2}{\376\377\0004\000.\0003\000.\0003\000.\0002\000\040\000s\000o\000r\000t\000I\000n\000P\000l\000a\000c\000e\000\050\000i\000n\000t\000\040\000*\000a\000r\000r\000,\000\040\000i\000n\000t\000\040\000l\000e\000n\000\051}{subsection.4.3.3}% 26
\BOOKMARK [3][-]{subsubsection.4.3.3.3}{\376\377\0004\000.\0003\000.\0003\000.\0003\000\040\000s\000o\000r\000t\000R\000e\000c\000u\000r\000s\000i\000v\000e\000\050\000i\000n\000t\000\040\000*\000a\000r\000r\000,\000\040\000i\000n\000t\000\040\000l\000e\000n\000\051}{subsection.4.3.3}% 27
\BOOKMARK [1][-]{section.4.4}{\376\377\0004\000.\0004\000\040\000S\000o\000r\000t\000e\000r\000\040\000C\000l\000a\000s\000s\000\040\000R\000e\000f\000e\000r\000e\000n\000c\000e}{chapter.4}% 28
\BOOKMARK [2][-]{subsection.4.4.1}{\376\377\0004\000.\0004\000.\0001\000\040\000D\000e\000t\000a\000i\000l\000e\000d\000\040\000D\000e\000s\000c\000r\000i\000p\000t\000i\000o\000n}{section.4.4}% 29
\BOOKMARK [2][-]{subsection.4.4.2}{\376\377\0004\000.\0004\000.\0002\000\040\000C\000o\000n\000s\000t\000r\000u\000c\000t\000o\000r\000\040\000\046\000\040\000D\000e\000s\000t\000r\000u\000c\000t\000o\000r\000\040\000D\000o\000c\000u\000m\000e\000n\000t\000a\000t\000i\000o\000n}{section.4.4}% 30
\BOOKMARK [3][-]{subsubsection.4.4.2.1}{\376\377\0004\000.\0004\000.\0002\000.\0001\000\040\000S\000o\000r\000t\000e\000r\000\050\000\051}{subsection.4.4.2}% 31
\BOOKMARK [2][-]{subsection.4.4.3}{\376\377\0004\000.\0004\000.\0003\000\040\000M\000e\000m\000b\000e\000r\000\040\000F\000u\000n\000c\000t\000i\000o\000n\000\040\000D\000o\000c\000u\000m\000e\000n\000t\000a\000t\000i\000o\000n}{section.4.4}% 32
\BOOKMARK [3][-]{subsubsection.4.4.3.1}{\376\377\0004\000.\0004\000.\0003\000.\0001\000\040\000g\000e\000t\000N\000a\000m\000e\000\050\000\051}{subsection.4.4.3}% 33
\BOOKMARK [3][-]{subsubsection.4.4.3.2}{\376\377\0004\000.\0004\000.\0003\000.\0002\000\040\000g\000e\000t\000S\000t\000a\000t\000s\000\050\000\051}{subsection.4.4.3}% 34
\BOOKMARK [3][-]{subsubsection.4.4.3.3}{\376\377\0004\000.\0004\000.\0003\000.\0003\000\040\000r\000e\000s\000e\000t\000S\000t\000a\000t\000s\000\050\000\051}{subsection.4.4.3}% 35
\BOOKMARK [3][-]{subsubsection.4.4.3.4}{\376\377\0004\000.\0004\000.\0003\000.\0004\000\040\000s\000o\000r\000t\000I\000n\000P\000l\000a\000c\000e\000\050\000i\000n\000t\000\040\000*\000a\000r\000r\000,\000\040\000i\000n\000t\000\040\000l\000e\000n\000\051\000=\0000}{subsection.4.4.3}% 36
\BOOKMARK [3][-]{subsubsection.4.4.3.5}{\376\377\0004\000.\0004\000.\0003\000.\0005\000\040\000s\000t\000a\000r\000t\000T\000i\000m\000e\000r\000\050\000\051}{subsection.4.4.3}% 37
\BOOKMARK [3][-]{subsubsection.4.4.3.6}{\376\377\0004\000.\0004\000.\0003\000.\0006\000\040\000s\000t\000o\000p\000T\000i\000m\000e\000r\000\050\000\051}{subsection.4.4.3}% 38
\BOOKMARK [2][-]{subsection.4.4.4}{\376\377\0004\000.\0004\000.\0004\000\040\000M\000e\000m\000b\000e\000r\000\040\000D\000a\000t\000a\000\040\000D\000o\000c\000u\000m\000e\000n\000t\000a\000t\000i\000o\000n}{section.4.4}% 39
\BOOKMARK [3][-]{subsubsection.4.4.4.1}{\376\377\0004\000.\0004\000.\0004\000.\0001\000\040\000n\000a\000m\000e}{subsection.4.4.4}% 40
\BOOKMARK [3][-]{subsubsection.4.4.4.2}{\376\377\0004\000.\0004\000.\0004\000.\0002\000\040\000s\000o\000r\000t\000s\000R\000u\000n}{subsection.4.4.4}% 41
\BOOKMARK [3][-]{subsubsection.4.4.4.3}{\376\377\0004\000.\0004\000.\0004\000.\0003\000\040\000t\000m\000r\000S\000t\000a\000r\000t}{subsection.4.4.4}% 42
\BOOKMARK [3][-]{subsubsection.4.4.4.4}{\376\377\0004\000.\0004\000.\0004\000.\0004\000\040\000t\000o\000t\000N\000u\000m\000C\000o\000m\000p\000a\000r\000i\000s\000o\000n\000s}{subsection.4.4.4}% 43
\BOOKMARK [3][-]{subsubsection.4.4.4.5}{\376\377\0004\000.\0004\000.\0004\000.\0005\000\040\000t\000o\000t\000N\000u\000m\000S\000w\000a\000p\000s}{subsection.4.4.4}% 44
\BOOKMARK [3][-]{subsubsection.4.4.4.6}{\376\377\0004\000.\0004\000.\0004\000.\0006\000\040\000t\000o\000t\000T\000i\000m\000e}{subsection.4.4.4}% 45
\BOOKMARK [1][-]{section.4.5}{\376\377\0004\000.\0005\000\040\000S\000o\000r\000t\000S\000t\000a\000t\000s\000\040\000S\000t\000r\000u\000c\000t\000\040\000R\000e\000f\000e\000r\000e\000n\000c\000e}{chapter.4}% 46
\BOOKMARK [2][-]{subsection.4.5.1}{\376\377\0004\000.\0005\000.\0001\000\040\000D\000e\000t\000a\000i\000l\000e\000d\000\040\000D\000e\000s\000c\000r\000i\000p\000t\000i\000o\000n}{section.4.5}% 47
\BOOKMARK [2][-]{subsection.4.5.2}{\376\377\0004\000.\0005\000.\0002\000\040\000M\000e\000m\000b\000e\000r\000\040\000D\000a\000t\000a\000\040\000D\000o\000c\000u\000m\000e\000n\000t\000a\000t\000i\000o\000n}{section.4.5}% 48
\BOOKMARK [3][-]{subsubsection.4.5.2.1}{\376\377\0004\000.\0005\000.\0002\000.\0001\000\040\000a\000v\000g\000N\000u\000m\000C\000o\000m\000p\000a\000r\000i\000s\000o\000n\000s}{subsection.4.5.2}% 49
\BOOKMARK [3][-]{subsubsection.4.5.2.2}{\376\377\0004\000.\0005\000.\0002\000.\0002\000\040\000a\000v\000g\000N\000u\000m\000S\000w\000a\000p\000s}{subsection.4.5.2}% 50
\BOOKMARK [3][-]{subsubsection.4.5.2.3}{\376\377\0004\000.\0005\000.\0002\000.\0003\000\040\000a\000v\000g\000T\000i\000m\000e}{subsection.4.5.2}% 51
\BOOKMARK [0][-]{chapter.5}{\376\377\0005\000\040\000F\000i\000l\000e\000\040\000D\000o\000c\000u\000m\000e\000n\000t\000a\000t\000i\000o\000n}{}% 52
\BOOKMARK [1][-]{section.5.1}{\376\377\0005\000.\0001\000\040\000B\000u\000b\000b\000l\000e\000S\000o\000r\000t\000e\000r\000.\000c\000p\000p\000\040\000F\000i\000l\000e\000\040\000R\000e\000f\000e\000r\000e\000n\000c\000e}{chapter.5}% 53
\BOOKMARK [2][-]{subsection.5.1.1}{\376\377\0005\000.\0001\000.\0001\000\040\000D\000e\000t\000a\000i\000l\000e\000d\000\040\000D\000e\000s\000c\000r\000i\000p\000t\000i\000o\000n}{section.5.1}% 54
\BOOKMARK [1][-]{section.5.2}{\376\377\0005\000.\0002\000\040\000B\000u\000b\000b\000l\000e\000S\000o\000r\000t\000e\000r\000.\000h\000\040\000F\000i\000l\000e\000\040\000R\000e\000f\000e\000r\000e\000n\000c\000e}{chapter.5}% 55
\BOOKMARK [2][-]{subsection.5.2.1}{\376\377\0005\000.\0002\000.\0001\000\040\000D\000e\000t\000a\000i\000l\000e\000d\000\040\000D\000e\000s\000c\000r\000i\000p\000t\000i\000o\000n}{section.5.2}% 56
\BOOKMARK [1][-]{section.5.3}{\376\377\0005\000.\0003\000\040\000C\000o\000u\000n\000t\000i\000n\000g\000S\000o\000r\000t\000e\000r\000.\000c\000p\000p\000\040\000F\000i\000l\000e\000\040\000R\000e\000f\000e\000r\000e\000n\000c\000e}{chapter.5}% 57
\BOOKMARK [2][-]{subsection.5.3.1}{\376\377\0005\000.\0003\000.\0001\000\040\000D\000e\000t\000a\000i\000l\000e\000d\000\040\000D\000e\000s\000c\000r\000i\000p\000t\000i\000o\000n}{section.5.3}% 58
\BOOKMARK [1][-]{section.5.4}{\376\377\0005\000.\0004\000\040\000C\000o\000u\000n\000t\000i\000n\000g\000S\000o\000r\000t\000e\000r\000.\000h\000\040\000F\000i\000l\000e\000\040\000R\000e\000f\000e\000r\000e\000n\000c\000e}{chapter.5}% 59
\BOOKMARK [2][-]{subsection.5.4.1}{\376\377\0005\000.\0004\000.\0001\000\040\000D\000e\000t\000a\000i\000l\000e\000d\000\040\000D\000e\000s\000c\000r\000i\000p\000t\000i\000o\000n}{section.5.4}% 60
\BOOKMARK [1][-]{section.5.5}{\376\377\0005\000.\0005\000\040\000M\000e\000r\000g\000e\000S\000o\000r\000t\000e\000r\000.\000c\000p\000p\000\040\000F\000i\000l\000e\000\040\000R\000e\000f\000e\000r\000e\000n\000c\000e}{chapter.5}% 61
\BOOKMARK [2][-]{subsection.5.5.1}{\376\377\0005\000.\0005\000.\0001\000\040\000D\000e\000t\000a\000i\000l\000e\000d\000\040\000D\000e\000s\000c\000r\000i\000p\000t\000i\000o\000n}{section.5.5}% 62
\BOOKMARK [1][-]{section.5.6}{\376\377\0005\000.\0006\000\040\000M\000e\000r\000g\000e\000S\000o\000r\000t\000e\000r\000.\000h\000\040\000F\000i\000l\000e\000\040\000R\000e\000f\000e\000r\000e\000n\000c\000e}{chapter.5}% 63
\BOOKMARK [2][-]{subsection.5.6.1}{\376\377\0005\000.\0006\000.\0001\000\040\000D\000e\000t\000a\000i\000l\000e\000d\000\040\000D\000e\000s\000c\000r\000i\000p\000t\000i\000o\000n}{section.5.6}% 64
\BOOKMARK [1][-]{section.5.7}{\376\377\0005\000.\0007\000\040\000P\000A\0000\0004\000.\000c\000p\000p\000\040\000F\000i\000l\000e\000\040\000R\000e\000f\000e\000r\000e\000n\000c\000e}{chapter.5}% 65
\BOOKMARK [2][-]{subsection.5.7.1}{\376\377\0005\000.\0007\000.\0001\000\040\000D\000e\000t\000a\000i\000l\000e\000d\000\040\000D\000e\000s\000c\000r\000i\000p\000t\000i\000o\000n}{section.5.7}% 66
\BOOKMARK [2][-]{subsection.5.7.2}{\376\377\0005\000.\0007\000.\0002\000\040\000F\000u\000n\000c\000t\000i\000o\000n\000\040\000D\000o\000c\000u\000m\000e\000n\000t\000a\000t\000i\000o\000n}{section.5.7}% 67
\BOOKMARK [3][-]{subsubsection.5.7.2.1}{\376\377\0005\000.\0007\000.\0002\000.\0001\000\040\000f\000i\000l\000l\000A\000r\000r\000a\000y\000R\000a\000n\000d\000o\000m\000l\000y\000\050\000i\000n\000t\000\040\000*\000a\000r\000r\000,\000\040\000i\000n\000t\000\040\000n\000u\000m\000I\000n\000t\000s\000\051}{subsection.5.7.2}% 68
\BOOKMARK [3][-]{subsubsection.5.7.2.2}{\376\377\0005\000.\0007\000.\0002\000.\0002\000\040\000f\000i\000l\000l\000R\000a\000n\000d\000s\000e\000t\000\050\000i\000n\000t\000\040\000*\000*\000s\000e\000t\000,\000\040\000i\000n\000t\000\040\000n\000v\000a\000l\000\051}{subsection.5.7.2}% 69
\BOOKMARK [3][-]{subsubsection.5.7.2.3}{\376\377\0005\000.\0007\000.\0002\000.\0003\000\040\000f\000r\000e\000e\000O\000n\000e\000R\000a\000n\000d\000s\000e\000t\000\050\000i\000n\000t\000\040\000*\000*\000s\000e\000t\000,\000\040\000b\000o\000o\000l\000\040\000i\000s\0001\000m\000=\000f\000a\000l\000s\000e\000\051}{subsection.5.7.2}% 70
\BOOKMARK [3][-]{subsubsection.5.7.2.4}{\376\377\0005\000.\0007\000.\0002\000.\0004\000\040\000f\000r\000e\000e\000R\000a\000n\000d\000s\000e\000t\000s\000\050\000\051}{subsection.5.7.2}% 71
\BOOKMARK [3][-]{subsubsection.5.7.2.5}{\376\377\0005\000.\0007\000.\0002\000.\0005\000\040\000g\000e\000n\000e\000r\000a\000t\000e\000R\000a\000n\000d\000s\000e\000t\000s\000\050\000\051}{subsection.5.7.2}% 72
\BOOKMARK [3][-]{subsubsection.5.7.2.6}{\376\377\0005\000.\0007\000.\0002\000.\0006\000\040\000m\000a\000i\000n\000\050\000\051}{subsection.5.7.2}% 73
\BOOKMARK [3][-]{subsubsection.5.7.2.7}{\376\377\0005\000.\0007\000.\0002\000.\0007\000\040\000t\000e\000s\000t\000A\000r\000r\000a\000y\000\050\000S\000o\000r\000t\000e\000r\000\040\000*\000s\000o\000r\000t\000e\000r\000,\000\040\000i\000n\000t\000\040\000*\000a\000r\000r\000,\000\040\000i\000n\000t\000\040\000l\000e\000n\000,\000\040\000s\000t\000d\000:\000:\000s\000t\000r\000i\000n\000g\000s\000t\000r\000e\000a\000m\000\040\000s\000o\000r\000t\000O\000u\000t\000,\000\040\000b\000o\000o\000l\000\040\000w\000r\000i\000t\000e\000O\000u\000t\000=\000f\000a\000l\000s\000e\000\051}{subsection.5.7.2}% 74
\BOOKMARK [3][-]{subsubsection.5.7.2.8}{\376\377\0005\000.\0007\000.\0002\000.\0008\000\040\000t\000e\000s\000t\000O\000n\000e\000S\000o\000r\000t\000e\000r\000\050\000S\000o\000r\000t\000e\000r\000\040\000*\000s\000o\000r\000t\000e\000r\000,\000\040\000s\000t\000d\000:\000:\000s\000t\000r\000i\000n\000g\000s\000t\000r\000e\000a\000m\000\040\000s\000o\000r\000t\000O\000u\000t\000,\000\040\000s\000t\000d\000:\000:\000s\000t\000r\000i\000n\000g\000s\000t\000r\000e\000a\000m\000\040\000s\000t\000a\000t\000O\000u\000t\000\051}{subsection.5.7.2}% 75
\BOOKMARK [3][-]{subsubsection.5.7.2.9}{\376\377\0005\000.\0007\000.\0002\000.\0009\000\040\000t\000e\000s\000t\000R\000a\000n\000d\000s\000e\000t\000\050\000S\000o\000r\000t\000e\000r\000\040\000*\000s\000o\000r\000t\000e\000r\000,\000\040\000i\000n\000t\000\040\000*\000*\000s\000e\000t\000,\000\040\000i\000n\000t\000\040\000l\000e\000n\000,\000\040\000s\000t\000d\000:\000:\000s\000t\000r\000i\000n\000g\000s\000t\000r\000e\000a\000m\000\040\000s\000o\000r\000t\000O\000u\000t\000,\000\040\000s\000t\000d\000:\000:\000s\000t\000r\000i\000n\000g\000s\000t\000r\000e\000a\000m\000\040\000s\000t\000a\000t\000O\000u\000t\000\051}{subsection.5.7.2}% 76
\BOOKMARK [3][-]{subsubsection.5.7.2.10}{\376\377\0005\000.\0007\000.\0002\000.\0001\0000\000\040\000t\000e\000s\000t\000S\000o\000r\000t\000e\000r\000s\000\050\000s\000t\000d\000:\000:\000s\000t\000r\000i\000n\000g\000s\000t\000r\000e\000a\000m\000\040\000s\000o\000r\000t\000O\000u\000t\000,\000\040\000s\000t\000d\000:\000:\000s\000t\000r\000i\000n\000g\000s\000t\000r\000e\000a\000m\000\040\000s\000t\000a\000t\000O\000u\000t\000\051}{subsection.5.7.2}% 77
\BOOKMARK [2][-]{subsection.5.7.3}{\376\377\0005\000.\0007\000.\0003\000\040\000V\000a\000r\000i\000a\000b\000l\000e\000\040\000D\000o\000c\000u\000m\000e\000n\000t\000a\000t\000i\000o\000n}{section.5.7}% 78
\BOOKMARK [3][-]{subsubsection.5.7.3.1}{\376\377\0005\000.\0007\000.\0003\000.\0001\000\040\000r\000a\000n\000d\000s\000e\000t\0001\0000\0000\000k}{subsection.5.7.3}% 79
\BOOKMARK [3][-]{subsubsection.5.7.3.2}{\376\377\0005\000.\0007\000.\0003\000.\0002\000\040\000r\000a\000n\000d\000s\000e\000t\0001\0000\000k}{subsection.5.7.3}% 80
\BOOKMARK [3][-]{subsubsection.5.7.3.3}{\376\377\0005\000.\0007\000.\0003\000.\0003\000\040\000r\000a\000n\000d\000s\000e\000t\0001\000k}{subsection.5.7.3}% 81
\BOOKMARK [3][-]{subsubsection.5.7.3.4}{\376\377\0005\000.\0007\000.\0003\000.\0004\000\040\000r\000a\000n\000d\000s\000e\000t\0001\000m}{subsection.5.7.3}% 82
\BOOKMARK [1][-]{section.5.8}{\376\377\0005\000.\0008\000\040\000S\000o\000r\000t\000e\000r\000.\000c\000p\000p\000\040\000F\000i\000l\000e\000\040\000R\000e\000f\000e\000r\000e\000n\000c\000e}{chapter.5}% 83
\BOOKMARK [2][-]{subsection.5.8.1}{\376\377\0005\000.\0008\000.\0001\000\040\000D\000e\000t\000a\000i\000l\000e\000d\000\040\000D\000e\000s\000c\000r\000i\000p\000t\000i\000o\000n}{section.5.8}% 84
\BOOKMARK [1][-]{section.5.9}{\376\377\0005\000.\0009\000\040\000S\000o\000r\000t\000e\000r\000.\000h\000\040\000F\000i\000l\000e\000\040\000R\000e\000f\000e\000r\000e\000n\000c\000e}{chapter.5}% 85
\BOOKMARK [2][-]{subsection.5.9.1}{\376\377\0005\000.\0009\000.\0001\000\040\000D\000e\000t\000a\000i\000l\000e\000d\000\040\000D\000e\000s\000c\000r\000i\000p\000t\000i\000o\000n}{section.5.9}% 86
\BOOKMARK [0][-]{section*.39}{\376\377\000I\000n\000d\000e\000x}{}% 87
